{"/Users/kihab/Development/f1-app/backend/utils/ergastClient.js": {"path":"/Users/kihab/Development/f1-app/backend/utils/ergastClient.js","statementMap":{"0":{"start":{"line":12,"column":14},"end":{"line":12,"column":30}},"1":{"start":{"line":15,"column":13},"end":{"line":15,"column":45}},"2":{"start":{"line":18,"column":14},"end":{"line":18,"column":59}},"3":{"start":{"line":18,"column":22},"end":{"line":18,"column":59}},"4":{"start":{"line":18,"column":41},"end":{"line":18,"column":58}},"5":{"start":{"line":27,"column":14},"end":{"line":27,"column":54}},"6":{"start":{"line":29,"column":2},"end":{"line":71,"column":3}},"7":{"start":{"line":30,"column":21},"end":{"line":30,"column":62}},"8":{"start":{"line":34,"column":6},"end":{"line":35,"column":16}},"9":{"start":{"line":38,"column":4},"end":{"line":41,"column":5}},"10":{"start":{"line":39,"column":6},"end":{"line":39,"column":62}},"11":{"start":{"line":40,"column":6},"end":{"line":40,"column":18}},"12":{"start":{"line":43,"column":4},"end":{"line":43,"column":68}},"13":{"start":{"line":44,"column":4},"end":{"line":47,"column":6}},"14":{"start":{"line":50,"column":4},"end":{"line":69,"column":5}},"15":{"start":{"line":51,"column":6},"end":{"line":51,"column":64}},"16":{"start":{"line":52,"column":6},"end":{"line":52,"column":40}},"17":{"start":{"line":53,"column":6},"end":{"line":53,"column":64}},"18":{"start":{"line":55,"column":17},"end":{"line":55,"column":52}},"19":{"start":{"line":56,"column":22},"end":{"line":56,"column":47}},"20":{"start":{"line":58,"column":22},"end":{"line":58,"column":52}},"21":{"start":{"line":60,"column":6},"end":{"line":62,"column":8}},"22":{"start":{"line":65,"column":6},"end":{"line":65,"column":34}},"23":{"start":{"line":68,"column":6},"end":{"line":68,"column":52}},"24":{"start":{"line":70,"column":4},"end":{"line":70,"column":14}},"25":{"start":{"line":81,"column":14},"end":{"line":81,"column":46}},"26":{"start":{"line":82,"column":2},"end":{"line":121,"column":3}},"27":{"start":{"line":83,"column":21},"end":{"line":83,"column":62}},"28":{"start":{"line":84,"column":18},"end":{"line":84,"column":54}},"29":{"start":{"line":87,"column":4},"end":{"line":101,"column":7}},"30":{"start":{"line":88,"column":24},"end":{"line":88,"column":46}},"31":{"start":{"line":89,"column":6},"end":{"line":100,"column":8}},"32":{"start":{"line":104,"column":4},"end":{"line":118,"column":5}},"33":{"start":{"line":105,"column":6},"end":{"line":105,"column":64}},"34":{"start":{"line":106,"column":6},"end":{"line":106,"column":40}},"35":{"start":{"line":107,"column":6},"end":{"line":107,"column":64}},"36":{"start":{"line":108,"column":17},"end":{"line":108,"column":71}},"37":{"start":{"line":110,"column":22},"end":{"line":110,"column":47}},"38":{"start":{"line":112,"column":6},"end":{"line":114,"column":8}},"39":{"start":{"line":115,"column":6},"end":{"line":115,"column":34}},"40":{"start":{"line":117,"column":6},"end":{"line":117,"column":51}},"41":{"start":{"line":120,"column":4},"end":{"line":120,"column":14}},"42":{"start":{"line":125,"column":0},"end":{"line":128,"column":2}}},"fnMap":{"0":{"name":"(anonymous_0)","decl":{"start":{"line":18,"column":14},"end":{"line":18,"column":15}},"loc":{"start":{"line":18,"column":22},"end":{"line":18,"column":59}},"line":18},"1":{"name":"(anonymous_1)","decl":{"start":{"line":18,"column":34},"end":{"line":18,"column":35}},"loc":{"start":{"line":18,"column":41},"end":{"line":18,"column":58}},"line":18},"2":{"name":"fetchChampionDriver","decl":{"start":{"line":26,"column":15},"end":{"line":26,"column":34}},"loc":{"start":{"line":26,"column":54},"end":{"line":72,"column":1}},"line":26},"3":{"name":"fetchSeasonResults","decl":{"start":{"line":80,"column":15},"end":{"line":80,"column":33}},"loc":{"start":{"line":80,"column":53},"end":{"line":122,"column":1}},"line":80},"4":{"name":"(anonymous_4)","decl":{"start":{"line":87,"column":21},"end":{"line":87,"column":22}},"loc":{"start":{"line":87,"column":28},"end":{"line":101,"column":5}},"line":87}},"branchMap":{"0":{"loc":{"start":{"line":26,"column":41},"end":{"line":26,"column":52}},"type":"default-arg","locations":[{"start":{"line":26,"column":51},"end":{"line":26,"column":52}}],"line":26},"1":{"loc":{"start":{"line":38,"column":4},"end":{"line":41,"column":5}},"type":"if","locations":[{"start":{"line":38,"column":4},"end":{"line":41,"column":5}},{"start":{},"end":{}}],"line":38},"2":{"loc":{"start":{"line":50,"column":4},"end":{"line":69,"column":5}},"type":"if","locations":[{"start":{"line":50,"column":4},"end":{"line":69,"column":5}},{"start":{},"end":{}}],"line":50},"3":{"loc":{"start":{"line":50,"column":8},"end":{"line":50,"column":51}},"type":"binary-expr","locations":[{"start":{"line":50,"column":8},"end":{"line":50,"column":36}},{"start":{"line":50,"column":40},"end":{"line":50,"column":51}}],"line":50},"4":{"loc":{"start":{"line":56,"column":22},"end":{"line":56,"column":47}},"type":"cond-expr","locations":[{"start":{"line":56,"column":27},"end":{"line":56,"column":43}},{"start":{"line":56,"column":46},"end":{"line":56,"column":47}}],"line":56},"5":{"loc":{"start":{"line":80,"column":40},"end":{"line":80,"column":51}},"type":"default-arg","locations":[{"start":{"line":80,"column":50},"end":{"line":80,"column":51}}],"line":80},"6":{"loc":{"start":{"line":84,"column":18},"end":{"line":84,"column":54}},"type":"binary-expr","locations":[{"start":{"line":84,"column":18},"end":{"line":84,"column":48}},{"start":{"line":84,"column":52},"end":{"line":84,"column":54}}],"line":84},"7":{"loc":{"start":{"line":94,"column":16},"end":{"line":99,"column":16}},"type":"cond-expr","locations":[{"start":{"line":95,"column":12},"end":{"line":98,"column":13}},{"start":{"line":99,"column":12},"end":{"line":99,"column":16}}],"line":94},"8":{"loc":{"start":{"line":104,"column":4},"end":{"line":118,"column":5}},"type":"if","locations":[{"start":{"line":104,"column":4},"end":{"line":118,"column":5}},{"start":{},"end":{}}],"line":104},"9":{"loc":{"start":{"line":104,"column":8},"end":{"line":104,"column":51}},"type":"binary-expr","locations":[{"start":{"line":104,"column":8},"end":{"line":104,"column":36}},{"start":{"line":104,"column":40},"end":{"line":104,"column":51}}],"line":104},"10":{"loc":{"start":{"line":108,"column":17},"end":{"line":108,"column":71}},"type":"binary-expr","locations":[{"start":{"line":108,"column":17},"end":{"line":108,"column":66}},{"start":{"line":108,"column":70},"end":{"line":108,"column":71}}],"line":108}},"s":{"0":1,"1":1,"2":1,"3":0,"4":0,"5":2,"6":2,"7":2,"8":2,"9":2,"10":1,"11":1,"12":1,"13":1,"14":0,"15":0,"16":0,"17":0,"18":0,"19":0,"20":0,"21":0,"22":0,"23":0,"24":0,"25":0,"26":0,"27":0,"28":0,"29":0,"30":0,"31":0,"32":0,"33":0,"34":0,"35":0,"36":0,"37":0,"38":0,"39":0,"40":0,"41":0,"42":1},"f":{"0":0,"1":0,"2":2,"3":0,"4":0},"b":{"0":[2],"1":[1,1],"2":[0,0],"3":[0,0],"4":[0,0],"5":[0],"6":[0,0],"7":[0,0],"8":[0,0],"9":[0,0],"10":[0,0]},"_coverageSchema":"1a1c01bbd47fc00a2c39e90264f33305004495a9","hash":"46e7b0b5a0a34bbe31c7c8105d98aee790f9af96"}
}
