{"/Users/kihab/Development/f1-app/backend/controllers/racesController.js": {"path":"/Users/kihab/Development/f1-app/backend/controllers/racesController.js","statementMap":{"0":{"start":{"line":6,"column":29},"end":{"line":6,"column":64}},"1":{"start":{"line":7,"column":25},"end":{"line":7,"column":60}},"2":{"start":{"line":8,"column":53},"end":{"line":8,"column":86}},"3":{"start":{"line":9,"column":32},"end":{"line":9,"column":60}},"4":{"start":{"line":10,"column":27},"end":{"line":10,"column":59}},"5":{"start":{"line":14,"column":15},"end":{"line":14,"column":44}},"6":{"start":{"line":15,"column":2},"end":{"line":17,"column":3}},"7":{"start":{"line":16,"column":4},"end":{"line":16,"column":59}},"8":{"start":{"line":20,"column":2},"end":{"line":24,"column":3}},"9":{"start":{"line":21,"column":4},"end":{"line":21,"column":23}},"10":{"start":{"line":23,"column":4},"end":{"line":23,"column":49}},"11":{"start":{"line":26,"column":2},"end":{"line":40,"column":3}},"12":{"start":{"line":27,"column":18},"end":{"line":27,"column":46}},"13":{"start":{"line":30,"column":4},"end":{"line":32,"column":5}},"14":{"start":{"line":31,"column":6},"end":{"line":31,"column":143}},"15":{"start":{"line":35,"column":21},"end":{"line":35,"column":47}},"16":{"start":{"line":36,"column":4},"end":{"line":36,"column":46}},"17":{"start":{"line":39,"column":4},"end":{"line":39,"column":54}},"18":{"start":{"line":43,"column":0},"end":{"line":43,"column":30}}},"fnMap":{"0":{"name":"getRaces","decl":{"start":{"line":13,"column":15},"end":{"line":13,"column":23}},"loc":{"start":{"line":13,"column":34},"end":{"line":41,"column":1}},"line":13}},"branchMap":{"0":{"loc":{"start":{"line":15,"column":2},"end":{"line":17,"column":3}},"type":"if","locations":[{"start":{"line":15,"column":2},"end":{"line":17,"column":3}},{"start":{},"end":{}}],"line":15},"1":{"loc":{"start":{"line":30,"column":4},"end":{"line":32,"column":5}},"type":"if","locations":[{"start":{"line":30,"column":4},"end":{"line":32,"column":5}},{"start":{},"end":{}}],"line":30},"2":{"loc":{"start":{"line":30,"column":8},"end":{"line":30,"column":36}},"type":"binary-expr","locations":[{"start":{"line":30,"column":8},"end":{"line":30,"column":14}},{"start":{"line":30,"column":18},"end":{"line":30,"column":36}}],"line":30}},"s":{"0":1,"1":1,"2":1,"3":1,"4":1,"5":5,"6":5,"7":1,"8":4,"9":4,"10":1,"11":3,"12":3,"13":2,"14":1,"15":1,"16":1,"17":1,"18":1},"f":{"0":5},"b":{"0":[1,4],"1":[1,1],"2":[2,2]},"_coverageSchema":"1a1c01bbd47fc00a2c39e90264f33305004495a9","hash":"7dfbfdf621fb21197637fa4f2f42da678e39b206"}
,"/Users/kihab/Development/f1-app/backend/controllers/seasonsController.js": {"path":"/Users/kihab/Development/f1-app/backend/controllers/seasonsController.js","statementMap":{"0":{"start":{"line":6,"column":26},"end":{"line":6,"column":63}},"1":{"start":{"line":7,"column":32},"end":{"line":7,"column":65}},"2":{"start":{"line":8,"column":34},"end":{"line":8,"column":62}},"3":{"start":{"line":9,"column":27},"end":{"line":9,"column":59}},"4":{"start":{"line":13,"column":2},"end":{"line":28,"column":3}},"5":{"start":{"line":15,"column":20},"end":{"line":15,"column":41}},"6":{"start":{"line":18,"column":4},"end":{"line":20,"column":5}},"7":{"start":{"line":19,"column":6},"end":{"line":19,"column":121}},"8":{"start":{"line":23,"column":23},"end":{"line":23,"column":53}},"9":{"start":{"line":24,"column":4},"end":{"line":24,"column":48}},"10":{"start":{"line":27,"column":4},"end":{"line":27,"column":56}},"11":{"start":{"line":31,"column":0},"end":{"line":31,"column":32}}},"fnMap":{"0":{"name":"getSeasons","decl":{"start":{"line":12,"column":15},"end":{"line":12,"column":25}},"loc":{"start":{"line":12,"column":36},"end":{"line":29,"column":1}},"line":12}},"branchMap":{"0":{"loc":{"start":{"line":18,"column":4},"end":{"line":20,"column":5}},"type":"if","locations":[{"start":{"line":18,"column":4},"end":{"line":20,"column":5}},{"start":{},"end":{}}],"line":18},"1":{"loc":{"start":{"line":18,"column":8},"end":{"line":18,"column":40}},"type":"binary-expr","locations":[{"start":{"line":18,"column":8},"end":{"line":18,"column":16}},{"start":{"line":18,"column":20},"end":{"line":18,"column":40}}],"line":18}},"s":{"0":1,"1":1,"2":1,"3":1,"4":4,"5":4,"6":3,"7":2,"8":1,"9":1,"10":1,"11":1},"f":{"0":4},"b":{"0":[2,1],"1":[3,2]},"_coverageSchema":"1a1c01bbd47fc00a2c39e90264f33305004495a9","hash":"96b77cb8ae81587db1604fff80161a9e0ebbc015"}
,"/Users/kihab/Development/f1-app/backend/jobs/syncSeasonsJob.js": {"path":"/Users/kihab/Development/f1-app/backend/jobs/syncSeasonsJob.js","statementMap":{"0":{"start":{"line":9,"column":13},"end":{"line":9,"column":33}},"1":{"start":{"line":10,"column":43},"end":{"line":10,"column":73}},"2":{"start":{"line":13,"column":25},"end":{"line":13,"column":57}},"3":{"start":{"line":14,"column":28},"end":{"line":14,"column":60}},"4":{"start":{"line":15,"column":28},"end":{"line":15,"column":60}},"5":{"start":{"line":27,"column":20},"end":{"line":27,"column":54}},"6":{"start":{"line":28,"column":23},"end":{"line":28,"column":63}},"7":{"start":{"line":29,"column":23},"end":{"line":29,"column":63}},"8":{"start":{"line":32,"column":28},"end":{"line":32,"column":37}},"9":{"start":{"line":40,"column":4},"end":{"line":40,"column":93}},"10":{"start":{"line":41,"column":22},"end":{"line":41,"column":32}},"11":{"start":{"line":42,"column":27},"end":{"line":42,"column":32}},"12":{"start":{"line":43,"column":26},"end":{"line":43,"column":31}},"13":{"start":{"line":45,"column":4},"end":{"line":95,"column":5}},"14":{"start":{"line":47,"column":6},"end":{"line":47,"column":84}},"15":{"start":{"line":48,"column":23},"end":{"line":48,"column":75}},"16":{"start":{"line":51,"column":6},"end":{"line":62,"column":7}},"17":{"start":{"line":52,"column":8},"end":{"line":52,"column":86}},"18":{"start":{"line":54,"column":23},"end":{"line":54,"column":61}},"19":{"start":{"line":56,"column":8},"end":{"line":56,"column":62}},"20":{"start":{"line":57,"column":8},"end":{"line":57,"column":31}},"21":{"start":{"line":59,"column":8},"end":{"line":59,"column":81}},"22":{"start":{"line":61,"column":8},"end":{"line":61,"column":57}},"23":{"start":{"line":65,"column":6},"end":{"line":65,"column":58}},"24":{"start":{"line":66,"column":6},"end":{"line":66,"column":79}},"25":{"start":{"line":67,"column":6},"end":{"line":71,"column":7}},"26":{"start":{"line":68,"column":8},"end":{"line":68,"column":69}},"27":{"start":{"line":70,"column":8},"end":{"line":70,"column":66}},"28":{"start":{"line":73,"column":23},"end":{"line":73,"column":45}},"29":{"start":{"line":74,"column":6},"end":{"line":74,"column":78}},"30":{"start":{"line":76,"column":6},"end":{"line":84,"column":8}},"31":{"start":{"line":86,"column":6},"end":{"line":86,"column":80}},"32":{"start":{"line":87,"column":6},"end":{"line":94,"column":8}},"33":{"start":{"line":104,"column":4},"end":{"line":104,"column":65}},"34":{"start":{"line":105,"column":25},"end":{"line":105,"column":35}},"35":{"start":{"line":107,"column":4},"end":{"line":126,"column":5}},"36":{"start":{"line":109,"column":21},"end":{"line":109,"column":49}},"37":{"start":{"line":111,"column":26},"end":{"line":111,"column":51}},"38":{"start":{"line":112,"column":6},"end":{"line":112,"column":88}},"39":{"start":{"line":114,"column":6},"end":{"line":118,"column":8}},"40":{"start":{"line":120,"column":6},"end":{"line":120,"column":74}},"41":{"start":{"line":121,"column":6},"end":{"line":125,"column":8}},"42":{"start":{"line":135,"column":4},"end":{"line":135,"column":76}},"43":{"start":{"line":138,"column":16},"end":{"line":141,"column":6}},"44":{"start":{"line":139,"column":6},"end":{"line":139,"column":60}},"45":{"start":{"line":140,"column":6},"end":{"line":140,"column":31}},"46":{"start":{"line":144,"column":4},"end":{"line":154,"column":5}},"47":{"start":{"line":145,"column":6},"end":{"line":145,"column":72}},"48":{"start":{"line":147,"column":6},"end":{"line":153,"column":15}},"49":{"start":{"line":148,"column":8},"end":{"line":152,"column":9}},"50":{"start":{"line":149,"column":10},"end":{"line":149,"column":35}},"51":{"start":{"line":151,"column":10},"end":{"line":151,"column":64}},"52":{"start":{"line":156,"column":4},"end":{"line":156,"column":15}},"53":{"start":{"line":160,"column":2},"end":{"line":164,"column":4}},"54":{"start":{"line":168,"column":30},"end":{"line":168,"column":52}},"55":{"start":{"line":171,"column":0},"end":{"line":174,"column":2}}},"fnMap":{"0":{"name":"createSyncSeasonsJob","decl":{"start":{"line":25,"column":9},"end":{"line":25,"column":29}},"loc":{"start":{"line":25,"column":41},"end":{"line":165,"column":1}},"line":25},"1":{"name":"refreshCurrentSeason","decl":{"start":{"line":39,"column":17},"end":{"line":39,"column":37}},"loc":{"start":{"line":39,"column":40},"end":{"line":96,"column":3}},"line":39},"2":{"name":"runSeasonSyncJob","decl":{"start":{"line":103,"column":17},"end":{"line":103,"column":33}},"loc":{"start":{"line":103,"column":36},"end":{"line":127,"column":3}},"line":103},"3":{"name":"startCronJob","decl":{"start":{"line":134,"column":11},"end":{"line":134,"column":23}},"loc":{"start":{"line":134,"column":48},"end":{"line":157,"column":3}},"line":134},"4":{"name":"(anonymous_4)","decl":{"start":{"line":138,"column":48},"end":{"line":138,"column":49}},"loc":{"start":{"line":138,"column":60},"end":{"line":141,"column":5}},"line":138},"5":{"name":"(anonymous_5)","decl":{"start":{"line":147,"column":17},"end":{"line":147,"column":18}},"loc":{"start":{"line":147,"column":29},"end":{"line":153,"column":7}},"line":147}},"branchMap":{"0":{"loc":{"start":{"line":25,"column":30},"end":{"line":25,"column":39}},"type":"default-arg","locations":[{"start":{"line":25,"column":37},"end":{"line":25,"column":39}}],"line":25},"1":{"loc":{"start":{"line":27,"column":20},"end":{"line":27,"column":54}},"type":"binary-expr","locations":[{"start":{"line":27,"column":20},"end":{"line":27,"column":34}},{"start":{"line":27,"column":38},"end":{"line":27,"column":54}}],"line":27},"2":{"loc":{"start":{"line":28,"column":23},"end":{"line":28,"column":63}},"type":"binary-expr","locations":[{"start":{"line":28,"column":23},"end":{"line":28,"column":40}},{"start":{"line":28,"column":44},"end":{"line":28,"column":63}}],"line":28},"3":{"loc":{"start":{"line":29,"column":23},"end":{"line":29,"column":63}},"type":"binary-expr","locations":[{"start":{"line":29,"column":23},"end":{"line":29,"column":40}},{"start":{"line":29,"column":44},"end":{"line":29,"column":63}}],"line":29},"4":{"loc":{"start":{"line":51,"column":6},"end":{"line":62,"column":7}},"type":"if","locations":[{"start":{"line":51,"column":6},"end":{"line":62,"column":7}},{"start":{"line":58,"column":13},"end":{"line":62,"column":7}}],"line":51},"5":{"loc":{"start":{"line":67,"column":6},"end":{"line":71,"column":7}},"type":"if","locations":[{"start":{"line":67,"column":6},"end":{"line":71,"column":7}},{"start":{"line":69,"column":13},"end":{"line":71,"column":7}}],"line":67},"6":{"loc":{"start":{"line":115,"column":16},"end":{"line":115,"column":63}},"type":"cond-expr","locations":[{"start":{"line":115,"column":44},"end":{"line":115,"column":51}},{"start":{"line":115,"column":54},"end":{"line":115,"column":63}}],"line":115},"7":{"loc":{"start":{"line":134,"column":24},"end":{"line":134,"column":46}},"type":"default-arg","locations":[{"start":{"line":134,"column":41},"end":{"line":134,"column":46}}],"line":134},"8":{"loc":{"start":{"line":144,"column":4},"end":{"line":154,"column":5}},"type":"if","locations":[{"start":{"line":144,"column":4},"end":{"line":154,"column":5}},{"start":{},"end":{}}],"line":144}},"s":{"0":1,"1":1,"2":1,"3":1,"4":1,"5":15,"6":15,"7":15,"8":15,"9":8,"10":8,"11":8,"12":8,"13":8,"14":8,"15":8,"16":6,"17":5,"18":5,"19":4,"20":4,"21":1,"22":1,"23":5,"24":5,"25":4,"26":3,"27":1,"28":4,"29":4,"30":4,"31":4,"32":4,"33":2,"34":2,"35":2,"36":2,"37":2,"38":2,"39":2,"40":0,"41":0,"42":2,"43":2,"44":0,"45":0,"46":2,"47":1,"48":1,"49":0,"50":0,"51":0,"52":2,"53":15,"54":1,"55":1},"f":{"0":15,"1":8,"2":2,"3":2,"4":0,"5":0},"b":{"0":[2],"1":[15,2],"2":[15,2],"3":[15,2],"4":[5,1],"5":[3,1],"6":[1,1],"7":[1],"8":[1,1]},"_coverageSchema":"1a1c01bbd47fc00a2c39e90264f33305004495a9","hash":"9fd49e0f77d146faa7fb82d65e8e367c4684e557"}
,"/Users/kihab/Development/f1-app/backend/routes/races.js": {"path":"/Users/kihab/Development/f1-app/backend/routes/races.js","statementMap":{"0":{"start":{"line":76,"column":16},"end":{"line":76,"column":34}},"1":{"start":{"line":77,"column":15},"end":{"line":77,"column":52}},"2":{"start":{"line":78,"column":21},"end":{"line":78,"column":62}},"3":{"start":{"line":81,"column":0},"end":{"line":81,"column":26}},"4":{"start":{"line":83,"column":0},"end":{"line":83,"column":24}}},"fnMap":{},"branchMap":{},"s":{"0":1,"1":1,"2":1,"3":1,"4":1},"f":{},"b":{},"_coverageSchema":"1a1c01bbd47fc00a2c39e90264f33305004495a9","hash":"38b737ce1ab0150e96b13a1592444f9f0e89c352"}
,"/Users/kihab/Development/f1-app/backend/routes/seasons.js": {"path":"/Users/kihab/Development/f1-app/backend/routes/seasons.js","statementMap":{"0":{"start":{"line":54,"column":16},"end":{"line":54,"column":34}},"1":{"start":{"line":55,"column":15},"end":{"line":55,"column":31}},"2":{"start":{"line":56,"column":26},"end":{"line":56,"column":69}},"3":{"start":{"line":58,"column":0},"end":{"line":58,"column":46}},"4":{"start":{"line":60,"column":0},"end":{"line":60,"column":24}}},"fnMap":{},"branchMap":{},"s":{"0":1,"1":1,"2":1,"3":1,"4":1},"f":{},"b":{},"_coverageSchema":"1a1c01bbd47fc00a2c39e90264f33305004495a9","hash":"1dd89a26df739ab31546ebef6739681933e95709"}
,"/Users/kihab/Development/f1-app/backend/services/dbService.js": {"path":"/Users/kihab/Development/f1-app/backend/services/dbService.js","statementMap":{"0":{"start":{"line":6,"column":25},"end":{"line":6,"column":50}},"1":{"start":{"line":7,"column":18},"end":{"line":7,"column":49}},"2":{"start":{"line":8,"column":24},"end":{"line":8,"column":54}},"3":{"start":{"line":18,"column":17},"end":{"line":18,"column":58}},"4":{"start":{"line":26,"column":2},"end":{"line":37,"column":5}},"5":{"start":{"line":47,"column":2},"end":{"line":51,"column":5}},"6":{"start":{"line":66,"column":2},"end":{"line":78,"column":5}},"7":{"start":{"line":89,"column":2},"end":{"line":92,"column":5}},"8":{"start":{"line":102,"column":2},"end":{"line":111,"column":5}},"9":{"start":{"line":122,"column":17},"end":{"line":122,"column":19}},"10":{"start":{"line":123,"column":23},"end":{"line":123,"column":24}},"11":{"start":{"line":125,"column":2},"end":{"line":136,"column":3}},"12":{"start":{"line":126,"column":4},"end":{"line":133,"column":5}},"13":{"start":{"line":127,"column":6},"end":{"line":127,"column":28}},"14":{"start":{"line":128,"column":6},"end":{"line":128,"column":23}},"15":{"start":{"line":130,"column":25},"end":{"line":130,"column":72}},"16":{"start":{"line":131,"column":6},"end":{"line":131,"column":58}},"17":{"start":{"line":132,"column":6},"end":{"line":132,"column":82}},"18":{"start":{"line":135,"column":4},"end":{"line":135,"column":29}},"19":{"start":{"line":138,"column":2},"end":{"line":142,"column":4}},"20":{"start":{"line":146,"column":2},"end":{"line":154,"column":4}},"21":{"start":{"line":158,"column":25},"end":{"line":158,"column":42}},"22":{"start":{"line":161,"column":0},"end":{"line":164,"column":2}}},"fnMap":{"0":{"name":"createDbService","decl":{"start":{"line":16,"column":9},"end":{"line":16,"column":24}},"loc":{"start":{"line":16,"column":44},"end":{"line":155,"column":1}},"line":16},"1":{"name":"upsertDriver","decl":{"start":{"line":25,"column":15},"end":{"line":25,"column":27}},"loc":{"start":{"line":25,"column":36},"end":{"line":38,"column":1}},"line":25},"2":{"name":"upsertSeason","decl":{"start":{"line":46,"column":15},"end":{"line":46,"column":27}},"loc":{"start":{"line":46,"column":59},"end":{"line":52,"column":1}},"line":46},"3":{"name":"upsertRace","decl":{"start":{"line":65,"column":15},"end":{"line":65,"column":25}},"loc":{"start":{"line":65,"column":108},"end":{"line":79,"column":1}},"line":65},"4":{"name":"findSeasons","decl":{"start":{"line":88,"column":15},"end":{"line":88,"column":26}},"loc":{"start":{"line":88,"column":71},"end":{"line":93,"column":1}},"line":88},"5":{"name":"findRacesBySeason","decl":{"start":{"line":101,"column":15},"end":{"line":101,"column":32}},"loc":{"start":{"line":101,"column":61},"end":{"line":112,"column":1}},"line":101},"6":{"name":"processBatch","decl":{"start":{"line":121,"column":15},"end":{"line":121,"column":27}},"loc":{"start":{"line":121,"column":65},"end":{"line":143,"column":1}},"line":121}},"branchMap":{"0":{"loc":{"start":{"line":16,"column":25},"end":{"line":16,"column":42}},"type":"default-arg","locations":[{"start":{"line":16,"column":40},"end":{"line":16,"column":42}}],"line":16},"1":{"loc":{"start":{"line":18,"column":17},"end":{"line":18,"column":58}},"type":"binary-expr","locations":[{"start":{"line":18,"column":17},"end":{"line":18,"column":36}},{"start":{"line":18,"column":40},"end":{"line":18,"column":58}}],"line":18},"2":{"loc":{"start":{"line":46,"column":34},"end":{"line":46,"column":57}},"type":"default-arg","locations":[{"start":{"line":46,"column":53},"end":{"line":46,"column":57}}],"line":46},"3":{"loc":{"start":{"line":65,"column":67},"end":{"line":65,"column":77}},"type":"default-arg","locations":[{"start":{"line":65,"column":73},"end":{"line":65,"column":77}}],"line":65},"4":{"loc":{"start":{"line":65,"column":79},"end":{"line":65,"column":90}},"type":"default-arg","locations":[{"start":{"line":65,"column":86},"end":{"line":65,"column":90}}],"line":65},"5":{"loc":{"start":{"line":65,"column":92},"end":{"line":65,"column":106}},"type":"default-arg","locations":[{"start":{"line":65,"column":102},"end":{"line":65,"column":106}}],"line":65},"6":{"loc":{"start":{"line":88,"column":47},"end":{"line":88,"column":69}},"type":"default-arg","locations":[{"start":{"line":88,"column":65},"end":{"line":88,"column":69}}],"line":88},"7":{"loc":{"start":{"line":91,"column":13},"end":{"line":91,"column":61}},"type":"cond-expr","locations":[{"start":{"line":91,"column":31},"end":{"line":91,"column":49}},{"start":{"line":91,"column":52},"end":{"line":91,"column":61}}],"line":91},"8":{"loc":{"start":{"line":101,"column":39},"end":{"line":101,"column":59}},"type":"default-arg","locations":[{"start":{"line":101,"column":55},"end":{"line":101,"column":59}}],"line":101},"9":{"loc":{"start":{"line":121,"column":46},"end":{"line":121,"column":63}},"type":"default-arg","locations":[{"start":{"line":121,"column":57},"end":{"line":121,"column":63}}],"line":121},"10":{"loc":{"start":{"line":130,"column":25},"end":{"line":130,"column":72}},"type":"binary-expr","locations":[{"start":{"line":130,"column":25},"end":{"line":130,"column":32}},{"start":{"line":130,"column":36},"end":{"line":130,"column":46}},{"start":{"line":130,"column":50},"end":{"line":130,"column":59}},{"start":{"line":130,"column":63},"end":{"line":130,"column":72}}],"line":130}},"s":{"0":3,"1":3,"2":3,"3":26,"4":2,"5":3,"6":3,"7":3,"8":3,"9":5,"10":5,"11":5,"12":11,"13":11,"14":5,"15":6,"16":6,"17":6,"18":11,"19":5,"20":26,"21":3,"22":3},"f":{"0":26,"1":2,"2":3,"3":3,"4":3,"5":3,"6":5},"b":{"0":[4],"1":[26,4],"2":[0],"3":[2],"4":[2],"5":[2],"6":[2],"7":[2,1],"8":[2],"9":[0],"10":[6,5,3,1]},"_coverageSchema":"1a1c01bbd47fc00a2c39e90264f33305004495a9","hash":"d7295420e980b875557557dd50f552a8c015a579"}
,"/Users/kihab/Development/f1-app/backend/services/racesService.js": {"path":"/Users/kihab/Development/f1-app/backend/services/racesService.js","statementMap":{"0":{"start":{"line":7,"column":28},"end":{"line":7,"column":60}},"1":{"start":{"line":8,"column":31},"end":{"line":8,"column":66}},"2":{"start":{"line":9,"column":27},"end":{"line":9,"column":58}},"3":{"start":{"line":10,"column":25},"end":{"line":10,"column":47}},"4":{"start":{"line":11,"column":28},"end":{"line":11,"column":60}},"5":{"start":{"line":12,"column":25},"end":{"line":12,"column":55}},"6":{"start":{"line":27,"column":20},"end":{"line":27,"column":54}},"7":{"start":{"line":28,"column":23},"end":{"line":28,"column":63}},"8":{"start":{"line":29,"column":26},"end":{"line":29,"column":72}},"9":{"start":{"line":30,"column":22},"end":{"line":30,"column":60}},"10":{"start":{"line":31,"column":23},"end":{"line":31,"column":63}},"11":{"start":{"line":32,"column":20},"end":{"line":32,"column":54}},"12":{"start":{"line":35,"column":33},"end":{"line":35,"column":45}},"13":{"start":{"line":36,"column":65},"end":{"line":36,"column":80}},"14":{"start":{"line":37,"column":49},"end":{"line":37,"column":60}},"15":{"start":{"line":38,"column":39},"end":{"line":38,"column":51}},"16":{"start":{"line":39,"column":24},"end":{"line":39,"column":33}},"17":{"start":{"line":42,"column":27},"end":{"line":42,"column":52}},"18":{"start":{"line":42,"column":37},"end":{"line":42,"column":52}},"19":{"start":{"line":50,"column":4},"end":{"line":50,"column":52}},"20":{"start":{"line":51,"column":22},"end":{"line":51,"column":32}},"21":{"start":{"line":54,"column":4},"end":{"line":58,"column":5}},"22":{"start":{"line":55,"column":6},"end":{"line":55,"column":25}},"23":{"start":{"line":57,"column":6},"end":{"line":57,"column":54}},"24":{"start":{"line":61,"column":21},"end":{"line":61,"column":43}},"25":{"start":{"line":62,"column":24},"end":{"line":62,"column":52}},"26":{"start":{"line":65,"column":4},"end":{"line":73,"column":5}},"27":{"start":{"line":66,"column":6},"end":{"line":66,"column":64}},"28":{"start":{"line":67,"column":6},"end":{"line":71,"column":10}},"29":{"start":{"line":72,"column":6},"end":{"line":72,"column":25}},"30":{"start":{"line":76,"column":4},"end":{"line":76,"column":93}},"31":{"start":{"line":79,"column":19},"end":{"line":79,"column":58}},"32":{"start":{"line":80,"column":4},"end":{"line":98,"column":5}},"33":{"start":{"line":82,"column":27},"end":{"line":82,"column":80}},"34":{"start":{"line":85,"column":6},"end":{"line":87,"column":7}},"35":{"start":{"line":86,"column":8},"end":{"line":86,"column":66}},"36":{"start":{"line":89,"column":6},"end":{"line":89,"column":79}},"37":{"start":{"line":90,"column":6},"end":{"line":95,"column":10}},"38":{"start":{"line":97,"column":6},"end":{"line":97,"column":22}},"39":{"start":{"line":102,"column":2},"end":{"line":108,"column":3}},"40":{"start":{"line":103,"column":4},"end":{"line":103,"column":45}},"41":{"start":{"line":106,"column":4},"end":{"line":106,"column":78}},"42":{"start":{"line":107,"column":4},"end":{"line":107,"column":77}},"43":{"start":{"line":111,"column":24},"end":{"line":140,"column":3}},"44":{"start":{"line":113,"column":24},"end":{"line":113,"column":32}},"45":{"start":{"line":117,"column":6},"end":{"line":120,"column":9}},"46":{"start":{"line":123,"column":6},"end":{"line":123,"column":38}},"47":{"start":{"line":126,"column":21},"end":{"line":126,"column":62}},"48":{"start":{"line":129,"column":6},"end":{"line":137,"column":8}},"49":{"start":{"line":143,"column":2},"end":{"line":146,"column":3}},"50":{"start":{"line":144,"column":4},"end":{"line":145,"column":76}},"51":{"start":{"line":145,"column":36},"end":{"line":145,"column":62}},"52":{"start":{"line":149,"column":2},"end":{"line":149,"column":53}},"53":{"start":{"line":152,"column":2},"end":{"line":159,"column":3}},"54":{"start":{"line":153,"column":25},"end":{"line":153,"column":78}},"55":{"start":{"line":156,"column":4},"end":{"line":158,"column":5}},"56":{"start":{"line":157,"column":6},"end":{"line":157,"column":64}},"57":{"start":{"line":162,"column":2},"end":{"line":169,"column":6}},"58":{"start":{"line":171,"column":2},"end":{"line":171,"column":70}},"59":{"start":{"line":173,"column":2},"end":{"line":173,"column":18}},"60":{"start":{"line":177,"column":2},"end":{"line":179,"column":4}},"61":{"start":{"line":183,"column":28},"end":{"line":183,"column":48}},"62":{"start":{"line":186,"column":0},"end":{"line":189,"column":2}}},"fnMap":{"0":{"name":"createRacesService","decl":{"start":{"line":25,"column":9},"end":{"line":25,"column":27}},"loc":{"start":{"line":25,"column":39},"end":{"line":180,"column":1}},"line":25},"1":{"name":"(anonymous_1)","decl":{"start":{"line":42,"column":27},"end":{"line":42,"column":28}},"loc":{"start":{"line":42,"column":37},"end":{"line":42,"column":52}},"line":42},"2":{"name":"getRacesBySeason","decl":{"start":{"line":49,"column":17},"end":{"line":49,"column":33}},"loc":{"start":{"line":49,"column":40},"end":{"line":174,"column":1}},"line":49},"3":{"name":"(anonymous_3)","decl":{"start":{"line":113,"column":19},"end":{"line":113,"column":20}},"loc":{"start":{"line":113,"column":24},"end":{"line":113,"column":32}},"line":113},"4":{"name":"(anonymous_4)","decl":{"start":{"line":115,"column":4},"end":{"line":115,"column":5}},"loc":{"start":{"line":115,"column":20},"end":{"line":138,"column":5}},"line":115},"5":{"name":"(anonymous_5)","decl":{"start":{"line":145,"column":31},"end":{"line":145,"column":32}},"loc":{"start":{"line":145,"column":36},"end":{"line":145,"column":62}},"line":145}},"branchMap":{"0":{"loc":{"start":{"line":25,"column":28},"end":{"line":25,"column":37}},"type":"default-arg","locations":[{"start":{"line":25,"column":35},"end":{"line":25,"column":37}}],"line":25},"1":{"loc":{"start":{"line":27,"column":20},"end":{"line":27,"column":54}},"type":"binary-expr","locations":[{"start":{"line":27,"column":20},"end":{"line":27,"column":34}},{"start":{"line":27,"column":38},"end":{"line":27,"column":54}}],"line":27},"2":{"loc":{"start":{"line":28,"column":23},"end":{"line":28,"column":63}},"type":"binary-expr","locations":[{"start":{"line":28,"column":23},"end":{"line":28,"column":40}},{"start":{"line":28,"column":44},"end":{"line":28,"column":63}}],"line":28},"3":{"loc":{"start":{"line":29,"column":26},"end":{"line":29,"column":72}},"type":"binary-expr","locations":[{"start":{"line":29,"column":26},"end":{"line":29,"column":46}},{"start":{"line":29,"column":50},"end":{"line":29,"column":72}}],"line":29},"4":{"loc":{"start":{"line":30,"column":22},"end":{"line":30,"column":60}},"type":"binary-expr","locations":[{"start":{"line":30,"column":22},"end":{"line":30,"column":38}},{"start":{"line":30,"column":42},"end":{"line":30,"column":60}}],"line":30},"5":{"loc":{"start":{"line":31,"column":23},"end":{"line":31,"column":63}},"type":"binary-expr","locations":[{"start":{"line":31,"column":23},"end":{"line":31,"column":40}},{"start":{"line":31,"column":44},"end":{"line":31,"column":63}}],"line":31},"6":{"loc":{"start":{"line":32,"column":20},"end":{"line":32,"column":54}},"type":"binary-expr","locations":[{"start":{"line":32,"column":20},"end":{"line":32,"column":34}},{"start":{"line":32,"column":38},"end":{"line":32,"column":54}}],"line":32},"7":{"loc":{"start":{"line":65,"column":4},"end":{"line":73,"column":5}},"type":"if","locations":[{"start":{"line":65,"column":4},"end":{"line":73,"column":5}},{"start":{},"end":{}}],"line":65},"8":{"loc":{"start":{"line":80,"column":4},"end":{"line":98,"column":5}},"type":"if","locations":[{"start":{"line":80,"column":4},"end":{"line":98,"column":5}},{"start":{},"end":{}}],"line":80},"9":{"loc":{"start":{"line":85,"column":6},"end":{"line":87,"column":7}},"type":"if","locations":[{"start":{"line":85,"column":6},"end":{"line":87,"column":7}},{"start":{},"end":{}}],"line":85},"10":{"loc":{"start":{"line":143,"column":2},"end":{"line":146,"column":3}},"type":"if","locations":[{"start":{"line":143,"column":2},"end":{"line":146,"column":3}},{"start":{},"end":{}}],"line":143},"11":{"loc":{"start":{"line":152,"column":2},"end":{"line":159,"column":3}},"type":"if","locations":[{"start":{"line":152,"column":2},"end":{"line":159,"column":3}},{"start":{},"end":{}}],"line":152},"12":{"loc":{"start":{"line":156,"column":4},"end":{"line":158,"column":5}},"type":"if","locations":[{"start":{"line":156,"column":4},"end":{"line":158,"column":5}},{"start":{},"end":{}}],"line":156}},"s":{"0":1,"1":1,"2":1,"3":1,"4":1,"5":1,"6":15,"7":15,"8":15,"9":15,"10":15,"11":15,"12":15,"13":15,"14":15,"15":15,"16":15,"17":15,"18":9,"19":10,"20":10,"21":10,"22":10,"23":1,"24":9,"25":9,"26":9,"27":1,"28":1,"29":1,"30":8,"31":8,"32":8,"33":3,"34":3,"35":3,"36":3,"37":3,"38":3,"39":5,"40":5,"41":1,"42":1,"43":4,"44":5,"45":3,"46":2,"47":2,"48":2,"49":4,"50":1,"51":1,"52":4,"53":4,"54":2,"55":2,"56":2,"57":4,"58":4,"59":4,"60":15,"61":1,"62":1},"f":{"0":15,"1":9,"2":10,"3":5,"4":3,"5":1},"b":{"0":[2],"1":[15,2],"2":[15,14],"3":[15,14],"4":[15,14],"5":[15,15],"6":[15,15],"7":[1,8],"8":[3,5],"9":[3,0],"10":[1,3],"11":[2,2],"12":[2,0]},"_coverageSchema":"1a1c01bbd47fc00a2c39e90264f33305004495a9","hash":"51a129f9edd1e8868cbbf83a2ba775d0db976925"}
,"/Users/kihab/Development/f1-app/backend/services/seasonsService.js": {"path":"/Users/kihab/Development/f1-app/backend/services/seasonsService.js","statementMap":{"0":{"start":{"line":7,"column":28},"end":{"line":7,"column":60}},"1":{"start":{"line":8,"column":25},"end":{"line":8,"column":55}},"2":{"start":{"line":9,"column":31},"end":{"line":9,"column":66}},"3":{"start":{"line":10,"column":27},"end":{"line":10,"column":58}},"4":{"start":{"line":11,"column":25},"end":{"line":11,"column":47}},"5":{"start":{"line":12,"column":28},"end":{"line":12,"column":60}},"6":{"start":{"line":27,"column":20},"end":{"line":27,"column":54}},"7":{"start":{"line":28,"column":23},"end":{"line":28,"column":63}},"8":{"start":{"line":29,"column":20},"end":{"line":29,"column":54}},"9":{"start":{"line":30,"column":26},"end":{"line":30,"column":72}},"10":{"start":{"line":31,"column":22},"end":{"line":31,"column":60}},"11":{"start":{"line":32,"column":23},"end":{"line":32,"column":63}},"12":{"start":{"line":35,"column":34},"end":{"line":35,"column":46}},"13":{"start":{"line":36,"column":50},"end":{"line":36,"column":59}},"14":{"start":{"line":37,"column":47},"end":{"line":37,"column":62}},"15":{"start":{"line":38,"column":49},"end":{"line":38,"column":60}},"16":{"start":{"line":39,"column":39},"end":{"line":39,"column":51}},"17":{"start":{"line":42,"column":28},"end":{"line":42,"column":37}},"18":{"start":{"line":49,"column":4},"end":{"line":49,"column":39}},"19":{"start":{"line":50,"column":22},"end":{"line":50,"column":32}},"20":{"start":{"line":53,"column":26},"end":{"line":53,"column":63}},"21":{"start":{"line":56,"column":4},"end":{"line":63,"column":5}},"22":{"start":{"line":57,"column":6},"end":{"line":57,"column":58}},"23":{"start":{"line":58,"column":6},"end":{"line":61,"column":10}},"24":{"start":{"line":62,"column":6},"end":{"line":62,"column":27}},"25":{"start":{"line":66,"column":4},"end":{"line":66,"column":87}},"26":{"start":{"line":69,"column":20},"end":{"line":69,"column":73}},"27":{"start":{"line":72,"column":24},"end":{"line":72,"column":26}},"28":{"start":{"line":73,"column":2},"end":{"line":73,"column":57}},"29":{"start":{"line":73,"column":27},"end":{"line":73,"column":53}},"30":{"start":{"line":76,"column":23},"end":{"line":76,"column":25}},"31":{"start":{"line":77,"column":2},"end":{"line":79,"column":3}},"32":{"start":{"line":77,"column":16},"end":{"line":77,"column":26}},"33":{"start":{"line":78,"column":4},"end":{"line":78,"column":50}},"34":{"start":{"line":78,"column":28},"end":{"line":78,"column":50}},"35":{"start":{"line":82,"column":24},"end":{"line":107,"column":3}},"36":{"start":{"line":87,"column":6},"end":{"line":87,"column":23}},"37":{"start":{"line":90,"column":23},"end":{"line":90,"column":52}},"38":{"start":{"line":93,"column":6},"end":{"line":95,"column":7}},"39":{"start":{"line":94,"column":8},"end":{"line":94,"column":15}},"40":{"start":{"line":98,"column":6},"end":{"line":98,"column":35}},"41":{"start":{"line":101,"column":21},"end":{"line":101,"column":59}},"42":{"start":{"line":104,"column":6},"end":{"line":104,"column":50}},"43":{"start":{"line":110,"column":2},"end":{"line":113,"column":3}},"44":{"start":{"line":111,"column":4},"end":{"line":112,"column":76}},"45":{"start":{"line":112,"column":36},"end":{"line":112,"column":62}},"46":{"start":{"line":116,"column":2},"end":{"line":116,"column":68}},"47":{"start":{"line":119,"column":17},"end":{"line":119,"column":19}},"48":{"start":{"line":120,"column":2},"end":{"line":120,"column":50}},"49":{"start":{"line":120,"column":27},"end":{"line":120,"column":46}},"50":{"start":{"line":123,"column":17},"end":{"line":123,"column":19}},"51":{"start":{"line":124,"column":2},"end":{"line":130,"column":3}},"52":{"start":{"line":124,"column":16},"end":{"line":124,"column":26}},"53":{"start":{"line":125,"column":14},"end":{"line":125,"column":24}},"54":{"start":{"line":126,"column":4},"end":{"line":129,"column":7}},"55":{"start":{"line":133,"column":23},"end":{"line":133,"column":85}},"56":{"start":{"line":136,"column":2},"end":{"line":138,"column":3}},"57":{"start":{"line":137,"column":4},"end":{"line":137,"column":56}},"58":{"start":{"line":141,"column":2},"end":{"line":147,"column":6}},"59":{"start":{"line":149,"column":2},"end":{"line":149,"column":69}},"60":{"start":{"line":151,"column":2},"end":{"line":151,"column":16}},"61":{"start":{"line":155,"column":2},"end":{"line":157,"column":4}},"62":{"start":{"line":161,"column":30},"end":{"line":161,"column":52}},"63":{"start":{"line":164,"column":0},"end":{"line":167,"column":2}}},"fnMap":{"0":{"name":"createSeasonsService","decl":{"start":{"line":25,"column":9},"end":{"line":25,"column":29}},"loc":{"start":{"line":25,"column":41},"end":{"line":158,"column":1}},"line":25},"1":{"name":"getAllSeasons","decl":{"start":{"line":48,"column":17},"end":{"line":48,"column":30}},"loc":{"start":{"line":48,"column":33},"end":{"line":152,"column":1}},"line":48},"2":{"name":"(anonymous_2)","decl":{"start":{"line":73,"column":20},"end":{"line":73,"column":21}},"loc":{"start":{"line":73,"column":25},"end":{"line":73,"column":55}},"line":73},"3":{"name":"(anonymous_3)","decl":{"start":{"line":85,"column":4},"end":{"line":85,"column":5}},"loc":{"start":{"line":85,"column":18},"end":{"line":105,"column":5}},"line":85},"4":{"name":"(anonymous_4)","decl":{"start":{"line":112,"column":31},"end":{"line":112,"column":32}},"loc":{"start":{"line":112,"column":36},"end":{"line":112,"column":62}},"line":112},"5":{"name":"(anonymous_5)","decl":{"start":{"line":120,"column":20},"end":{"line":120,"column":21}},"loc":{"start":{"line":120,"column":25},"end":{"line":120,"column":48}},"line":120}},"branchMap":{"0":{"loc":{"start":{"line":25,"column":30},"end":{"line":25,"column":39}},"type":"default-arg","locations":[{"start":{"line":25,"column":37},"end":{"line":25,"column":39}}],"line":25},"1":{"loc":{"start":{"line":27,"column":20},"end":{"line":27,"column":54}},"type":"binary-expr","locations":[{"start":{"line":27,"column":20},"end":{"line":27,"column":34}},{"start":{"line":27,"column":38},"end":{"line":27,"column":54}}],"line":27},"2":{"loc":{"start":{"line":28,"column":23},"end":{"line":28,"column":63}},"type":"binary-expr","locations":[{"start":{"line":28,"column":23},"end":{"line":28,"column":40}},{"start":{"line":28,"column":44},"end":{"line":28,"column":63}}],"line":28},"3":{"loc":{"start":{"line":29,"column":20},"end":{"line":29,"column":54}},"type":"binary-expr","locations":[{"start":{"line":29,"column":20},"end":{"line":29,"column":34}},{"start":{"line":29,"column":38},"end":{"line":29,"column":54}}],"line":29},"4":{"loc":{"start":{"line":30,"column":26},"end":{"line":30,"column":72}},"type":"binary-expr","locations":[{"start":{"line":30,"column":26},"end":{"line":30,"column":46}},{"start":{"line":30,"column":50},"end":{"line":30,"column":72}}],"line":30},"5":{"loc":{"start":{"line":31,"column":22},"end":{"line":31,"column":60}},"type":"binary-expr","locations":[{"start":{"line":31,"column":22},"end":{"line":31,"column":38}},{"start":{"line":31,"column":42},"end":{"line":31,"column":60}}],"line":31},"6":{"loc":{"start":{"line":32,"column":23},"end":{"line":32,"column":63}},"type":"binary-expr","locations":[{"start":{"line":32,"column":23},"end":{"line":32,"column":40}},{"start":{"line":32,"column":44},"end":{"line":32,"column":63}}],"line":32},"7":{"loc":{"start":{"line":56,"column":4},"end":{"line":63,"column":5}},"type":"if","locations":[{"start":{"line":56,"column":4},"end":{"line":63,"column":5}},{"start":{},"end":{}}],"line":56},"8":{"loc":{"start":{"line":78,"column":4},"end":{"line":78,"column":50}},"type":"if","locations":[{"start":{"line":78,"column":4},"end":{"line":78,"column":50}},{"start":{},"end":{}}],"line":78},"9":{"loc":{"start":{"line":93,"column":6},"end":{"line":95,"column":7}},"type":"if","locations":[{"start":{"line":93,"column":6},"end":{"line":95,"column":7}},{"start":{},"end":{}}],"line":93},"10":{"loc":{"start":{"line":110,"column":2},"end":{"line":113,"column":3}},"type":"if","locations":[{"start":{"line":110,"column":2},"end":{"line":113,"column":3}},{"start":{},"end":{}}],"line":110},"11":{"loc":{"start":{"line":128,"column":16},"end":{"line":128,"column":51}},"type":"cond-expr","locations":[{"start":{"line":128,"column":34},"end":{"line":128,"column":44}},{"start":{"line":128,"column":47},"end":{"line":128,"column":51}}],"line":128},"12":{"loc":{"start":{"line":128,"column":16},"end":{"line":128,"column":31}},"type":"binary-expr","locations":[{"start":{"line":128,"column":16},"end":{"line":128,"column":17}},{"start":{"line":128,"column":21},"end":{"line":128,"column":31}}],"line":128},"13":{"loc":{"start":{"line":136,"column":2},"end":{"line":138,"column":3}},"type":"if","locations":[{"start":{"line":136,"column":2},"end":{"line":138,"column":3}},{"start":{},"end":{}}],"line":136}},"s":{"0":1,"1":1,"2":1,"3":1,"4":1,"5":1,"6":12,"7":12,"8":12,"9":12,"10":12,"11":12,"12":12,"13":12,"14":12,"15":12,"16":12,"17":12,"18":7,"19":7,"20":7,"21":7,"22":1,"23":1,"24":1,"25":6,"26":6,"27":6,"28":6,"29":5,"30":6,"31":6,"32":6,"33":126,"34":121,"35":6,"36":60,"37":39,"38":39,"39":20,"40":19,"41":19,"42":19,"43":6,"44":2,"45":22,"46":6,"47":6,"48":6,"49":5,"50":6,"51":6,"52":6,"53":126,"54":126,"55":6,"56":6,"57":6,"58":6,"59":6,"60":6,"61":12,"62":1,"63":1},"f":{"0":12,"1":7,"2":5,"3":60,"4":22,"5":5},"b":{"0":[2],"1":[12,2],"2":[12,11],"3":[12,11],"4":[12,11],"5":[12,11],"6":[12,12],"7":[1,6],"8":[121,5],"9":[20,19],"10":[2,4],"11":[5,121],"12":[126,5],"13":[6,0]},"_coverageSchema":"1a1c01bbd47fc00a2c39e90264f33305004495a9","hash":"de9647f880e41421694dae78ffa8d1a759b9f577"}
,"/Users/kihab/Development/f1-app/backend/utils/cachingUtils.js": {"path":"/Users/kihab/Development/f1-app/backend/utils/cachingUtils.js","statementMap":{"0":{"start":{"line":6,"column":27},"end":{"line":6,"column":51}},"1":{"start":{"line":16,"column":28},"end":{"line":16,"column":66}},"2":{"start":{"line":17,"column":17},"end":{"line":17,"column":46}},"3":{"start":{"line":25,"column":4},"end":{"line":38,"column":5}},"4":{"start":{"line":26,"column":25},"end":{"line":26,"column":46}},"5":{"start":{"line":28,"column":6},"end":{"line":31,"column":7}},"6":{"start":{"line":30,"column":8},"end":{"line":30,"column":20}},"7":{"start":{"line":34,"column":6},"end":{"line":34,"column":36}},"8":{"start":{"line":36,"column":6},"end":{"line":36,"column":79}},"9":{"start":{"line":37,"column":6},"end":{"line":37,"column":18}},"10":{"start":{"line":49,"column":4},"end":{"line":56,"column":5}},"11":{"start":{"line":51,"column":6},"end":{"line":51,"column":68}},"12":{"start":{"line":52,"column":6},"end":{"line":52,"column":18}},"13":{"start":{"line":54,"column":6},"end":{"line":54,"column":77}},"14":{"start":{"line":55,"column":6},"end":{"line":55,"column":19}},"15":{"start":{"line":65,"column":4},"end":{"line":71,"column":5}},"16":{"start":{"line":66,"column":6},"end":{"line":66,"column":28}},"17":{"start":{"line":67,"column":6},"end":{"line":67,"column":18}},"18":{"start":{"line":69,"column":6},"end":{"line":69,"column":82}},"19":{"start":{"line":70,"column":6},"end":{"line":70,"column":19}},"20":{"start":{"line":74,"column":2},"end":{"line":78,"column":4}},"21":{"start":{"line":82,"column":28},"end":{"line":82,"column":48}},"22":{"start":{"line":85,"column":0},"end":{"line":88,"column":2}}},"fnMap":{"0":{"name":"createCachingUtils","decl":{"start":{"line":14,"column":9},"end":{"line":14,"column":27}},"loc":{"start":{"line":14,"column":39},"end":{"line":79,"column":1}},"line":14},"1":{"name":"getFromCache","decl":{"start":{"line":24,"column":17},"end":{"line":24,"column":29}},"loc":{"start":{"line":24,"column":35},"end":{"line":39,"column":3}},"line":24},"2":{"name":"setInCache","decl":{"start":{"line":48,"column":17},"end":{"line":48,"column":27}},"loc":{"start":{"line":48,"column":57},"end":{"line":57,"column":3}},"line":48},"3":{"name":"invalidateCache","decl":{"start":{"line":64,"column":17},"end":{"line":64,"column":32}},"loc":{"start":{"line":64,"column":38},"end":{"line":72,"column":3}},"line":64}},"branchMap":{"0":{"loc":{"start":{"line":14,"column":28},"end":{"line":14,"column":37}},"type":"default-arg","locations":[{"start":{"line":14,"column":35},"end":{"line":14,"column":37}}],"line":14},"1":{"loc":{"start":{"line":16,"column":28},"end":{"line":16,"column":66}},"type":"binary-expr","locations":[{"start":{"line":16,"column":28},"end":{"line":16,"column":44}},{"start":{"line":16,"column":48},"end":{"line":16,"column":66}}],"line":16},"2":{"loc":{"start":{"line":28,"column":6},"end":{"line":31,"column":7}},"type":"if","locations":[{"start":{"line":28,"column":6},"end":{"line":31,"column":7}},{"start":{},"end":{}}],"line":28},"3":{"loc":{"start":{"line":48,"column":39},"end":{"line":48,"column":55}},"type":"default-arg","locations":[{"start":{"line":48,"column":52},"end":{"line":48,"column":55}}],"line":48}},"s":{"0":2,"1":10,"2":10,"3":3,"4":3,"5":2,"6":1,"7":1,"8":1,"9":1,"10":3,"11":3,"12":2,"13":1,"14":1,"15":2,"16":2,"17":1,"18":1,"19":1,"20":10,"21":2,"22":2},"f":{"0":10,"1":3,"2":3,"3":2},"b":{"0":[2],"1":[10,2],"2":[1,1],"3":[2]},"_coverageSchema":"1a1c01bbd47fc00a2c39e90264f33305004495a9","hash":"ca54b56ce3b9b92f37fe48b3186a1e21f68ef157"}
,"/Users/kihab/Development/f1-app/backend/utils/commonUtils.js": {"path":"/Users/kihab/Development/f1-app/backend/utils/commonUtils.js","statementMap":{"0":{"start":{"line":9,"column":14},"end":{"line":9,"column":59}},"1":{"start":{"line":9,"column":22},"end":{"line":9,"column":59}},"2":{"start":{"line":9,"column":41},"end":{"line":9,"column":58}},"3":{"start":{"line":18,"column":24},"end":{"line":23,"column":1}},"4":{"start":{"line":19,"column":19},"end":{"line":19,"column":63}},"5":{"start":{"line":20,"column":2},"end":{"line":22,"column":18}},"6":{"start":{"line":21,"column":27},"end":{"line":21,"column":45}},"7":{"start":{"line":30,"column":26},"end":{"line":36,"column":1}},"8":{"start":{"line":31,"column":20},"end":{"line":31,"column":44}},"9":{"start":{"line":32,"column":22},"end":{"line":34,"column":15}},"10":{"start":{"line":33,"column":27},"end":{"line":33,"column":45}},"11":{"start":{"line":35,"column":2},"end":{"line":35,"column":100}},"12":{"start":{"line":38,"column":0},"end":{"line":42,"column":2}}},"fnMap":{"0":{"name":"(anonymous_0)","decl":{"start":{"line":9,"column":14},"end":{"line":9,"column":15}},"loc":{"start":{"line":9,"column":22},"end":{"line":9,"column":59}},"line":9},"1":{"name":"(anonymous_1)","decl":{"start":{"line":9,"column":34},"end":{"line":9,"column":35}},"loc":{"start":{"line":9,"column":41},"end":{"line":9,"column":58}},"line":9},"2":{"name":"(anonymous_2)","decl":{"start":{"line":18,"column":24},"end":{"line":18,"column":25}},"loc":{"start":{"line":18,"column":69},"end":{"line":23,"column":1}},"line":18},"3":{"name":"(anonymous_3)","decl":{"start":{"line":21,"column":9},"end":{"line":21,"column":10}},"loc":{"start":{"line":21,"column":27},"end":{"line":21,"column":45}},"line":21},"4":{"name":"(anonymous_4)","decl":{"start":{"line":30,"column":26},"end":{"line":30,"column":27}},"loc":{"start":{"line":30,"column":60},"end":{"line":36,"column":1}},"line":30},"5":{"name":"(anonymous_5)","decl":{"start":{"line":33,"column":9},"end":{"line":33,"column":10}},"loc":{"start":{"line":33,"column":27},"end":{"line":33,"column":45}},"line":33}},"branchMap":{"0":{"loc":{"start":{"line":18,"column":51},"end":{"line":18,"column":64}},"type":"default-arg","locations":[{"start":{"line":18,"column":62},"end":{"line":18,"column":64}}],"line":18},"1":{"loc":{"start":{"line":30,"column":42},"end":{"line":30,"column":55}},"type":"default-arg","locations":[{"start":{"line":30,"column":53},"end":{"line":30,"column":55}}],"line":30},"2":{"loc":{"start":{"line":35,"column":59},"end":{"line":35,"column":96}},"type":"cond-expr","locations":[{"start":{"line":35,"column":73},"end":{"line":35,"column":91}},{"start":{"line":35,"column":94},"end":{"line":35,"column":96}}],"line":35}},"s":{"0":2,"1":1,"2":1,"3":2,"4":2,"5":2,"6":2,"7":2,"8":2,"9":2,"10":1,"11":2,"12":2},"f":{"0":1,"1":1,"2":2,"3":2,"4":2,"5":1},"b":{"0":[1],"1":[1],"2":[1,1]},"_coverageSchema":"1a1c01bbd47fc00a2c39e90264f33305004495a9","hash":"884d17a1da8ec0fe143e5a6d2e3f8e1f2c36ceb0"}
,"/Users/kihab/Development/f1-app/backend/utils/dtoUtils.js": {"path":"/Users/kihab/Development/f1-app/backend/utils/dtoUtils.js","statementMap":{"0":{"start":{"line":13,"column":2},"end":{"line":13,"column":41}},"1":{"start":{"line":13,"column":29},"end":{"line":13,"column":41}},"2":{"start":{"line":15,"column":18},"end":{"line":15,"column":66}},"3":{"start":{"line":17,"column":2},"end":{"line":30,"column":4}},"4":{"start":{"line":39,"column":2},"end":{"line":39,"column":49}},"5":{"start":{"line":39,"column":39},"end":{"line":39,"column":49}},"6":{"start":{"line":40,"column":2},"end":{"line":40,"column":55}},"7":{"start":{"line":49,"column":2},"end":{"line":49,"column":27}},"8":{"start":{"line":49,"column":15},"end":{"line":49,"column":27}},"9":{"start":{"line":51,"column":2},"end":{"line":59,"column":4}},"10":{"start":{"line":68,"column":2},"end":{"line":68,"column":53}},"11":{"start":{"line":68,"column":43},"end":{"line":68,"column":53}},"12":{"start":{"line":69,"column":2},"end":{"line":69,"column":59}},"13":{"start":{"line":72,"column":0},"end":{"line":77,"column":2}}},"fnMap":{"0":{"name":"transformRaceToDto","decl":{"start":{"line":11,"column":9},"end":{"line":11,"column":27}},"loc":{"start":{"line":11,"column":34},"end":{"line":31,"column":1}},"line":11},"1":{"name":"transformRacesToDto","decl":{"start":{"line":38,"column":9},"end":{"line":38,"column":28}},"loc":{"start":{"line":38,"column":36},"end":{"line":41,"column":1}},"line":38},"2":{"name":"transformSeasonToDto","decl":{"start":{"line":48,"column":9},"end":{"line":48,"column":29}},"loc":{"start":{"line":48,"column":38},"end":{"line":60,"column":1}},"line":48},"3":{"name":"transformSeasonsToDto","decl":{"start":{"line":67,"column":9},"end":{"line":67,"column":30}},"loc":{"start":{"line":67,"column":40},"end":{"line":70,"column":1}},"line":67}},"branchMap":{"0":{"loc":{"start":{"line":13,"column":2},"end":{"line":13,"column":41}},"type":"if","locations":[{"start":{"line":13,"column":2},"end":{"line":13,"column":41}},{"start":{},"end":{}}],"line":13},"1":{"loc":{"start":{"line":13,"column":6},"end":{"line":13,"column":27}},"type":"binary-expr","locations":[{"start":{"line":13,"column":6},"end":{"line":13,"column":11}},{"start":{"line":13,"column":15},"end":{"line":13,"column":27}}],"line":13},"2":{"loc":{"start":{"line":39,"column":2},"end":{"line":39,"column":49}},"type":"if","locations":[{"start":{"line":39,"column":2},"end":{"line":39,"column":49}},{"start":{},"end":{}}],"line":39},"3":{"loc":{"start":{"line":39,"column":6},"end":{"line":39,"column":37}},"type":"binary-expr","locations":[{"start":{"line":39,"column":6},"end":{"line":39,"column":12}},{"start":{"line":39,"column":16},"end":{"line":39,"column":37}}],"line":39},"4":{"loc":{"start":{"line":49,"column":2},"end":{"line":49,"column":27}},"type":"if","locations":[{"start":{"line":49,"column":2},"end":{"line":49,"column":27}},{"start":{},"end":{}}],"line":49},"5":{"loc":{"start":{"line":53,"column":14},"end":{"line":58,"column":12}},"type":"cond-expr","locations":[{"start":{"line":53,"column":32},"end":{"line":58,"column":5}},{"start":{"line":58,"column":8},"end":{"line":58,"column":12}}],"line":53},"6":{"loc":{"start":{"line":68,"column":2},"end":{"line":68,"column":53}},"type":"if","locations":[{"start":{"line":68,"column":2},"end":{"line":68,"column":53}},{"start":{},"end":{}}],"line":68},"7":{"loc":{"start":{"line":68,"column":6},"end":{"line":68,"column":41}},"type":"binary-expr","locations":[{"start":{"line":68,"column":6},"end":{"line":68,"column":14}},{"start":{"line":68,"column":18},"end":{"line":68,"column":41}}],"line":68}},"s":{"0":8,"1":3,"2":5,"3":5,"4":4,"5":2,"6":2,"7":7,"8":2,"9":5,"10":4,"11":2,"12":2,"13":1},"f":{"0":8,"1":4,"2":7,"3":4},"b":{"0":[3,5],"1":[8,7],"2":[2,2],"3":[4,3],"4":[2,5],"5":[4,1],"6":[2,2],"7":[4,3]},"_coverageSchema":"1a1c01bbd47fc00a2c39e90264f33305004495a9","hash":"0cb09c69a0e02a7e2c06890fbccfbcb2c9ab4f06"}
,"/Users/kihab/Development/f1-app/backend/utils/ergastClient.js": {"path":"/Users/kihab/Development/f1-app/backend/utils/ergastClient.js","statementMap":{"0":{"start":{"line":12,"column":14},"end":{"line":12,"column":30}},"1":{"start":{"line":13,"column":68},"end":{"line":13,"column":98}},"2":{"start":{"line":14,"column":25},"end":{"line":14,"column":53}},"3":{"start":{"line":15,"column":54},"end":{"line":15,"column":78}},"4":{"start":{"line":25,"column":20},"end":{"line":25,"column":30}},"5":{"start":{"line":27,"column":2},"end":{"line":65,"column":3}},"6":{"start":{"line":28,"column":21},"end":{"line":28,"column":74}},"7":{"start":{"line":29,"column":4},"end":{"line":29,"column":85}},"8":{"start":{"line":30,"column":4},"end":{"line":30,"column":16}},"9":{"start":{"line":33,"column":4},"end":{"line":52,"column":5}},"10":{"start":{"line":34,"column":6},"end":{"line":34,"column":64}},"11":{"start":{"line":35,"column":6},"end":{"line":35,"column":40}},"12":{"start":{"line":36,"column":6},"end":{"line":36,"column":64}},"13":{"start":{"line":39,"column":17},"end":{"line":39,"column":52}},"14":{"start":{"line":40,"column":22},"end":{"line":40,"column":47}},"15":{"start":{"line":43,"column":22},"end":{"line":43,"column":52}},"16":{"start":{"line":45,"column":6},"end":{"line":47,"column":8}},"17":{"start":{"line":50,"column":6},"end":{"line":50,"column":34}},"18":{"start":{"line":51,"column":6},"end":{"line":51,"column":70}},"19":{"start":{"line":55,"column":4},"end":{"line":61,"column":5}},"20":{"start":{"line":56,"column":6},"end":{"line":56,"column":66}},"21":{"start":{"line":57,"column":11},"end":{"line":61,"column":5}},"22":{"start":{"line":58,"column":6},"end":{"line":58,"column":55}},"23":{"start":{"line":59,"column":11},"end":{"line":61,"column":5}},"24":{"start":{"line":60,"column":6},"end":{"line":60,"column":64}},"25":{"start":{"line":64,"column":4},"end":{"line":64,"column":70}},"26":{"start":{"line":76,"column":2},"end":{"line":76,"column":53}},"27":{"start":{"line":79,"column":2},"end":{"line":83,"column":3}},"28":{"start":{"line":80,"column":4},"end":{"line":80,"column":23}},"29":{"start":{"line":82,"column":4},"end":{"line":82,"column":62}},"30":{"start":{"line":85,"column":14},"end":{"line":85,"column":65}},"31":{"start":{"line":87,"column":2},"end":{"line":109,"column":3}},"32":{"start":{"line":89,"column":17},"end":{"line":89,"column":83}},"33":{"start":{"line":92,"column":19},"end":{"line":92,"column":98}},"34":{"start":{"line":95,"column":4},"end":{"line":98,"column":5}},"35":{"start":{"line":96,"column":6},"end":{"line":96,"column":62}},"36":{"start":{"line":97,"column":6},"end":{"line":97,"column":18}},"37":{"start":{"line":100,"column":4},"end":{"line":100,"column":68}},"38":{"start":{"line":101,"column":4},"end":{"line":105,"column":6}},"39":{"start":{"line":108,"column":4},"end":{"line":108,"column":75}},"40":{"start":{"line":120,"column":2},"end":{"line":120,"column":52}},"41":{"start":{"line":123,"column":2},"end":{"line":127,"column":3}},"42":{"start":{"line":124,"column":4},"end":{"line":124,"column":23}},"43":{"start":{"line":126,"column":4},"end":{"line":126,"column":62}},"44":{"start":{"line":129,"column":14},"end":{"line":129,"column":57}},"45":{"start":{"line":131,"column":2},"end":{"line":158,"column":3}},"46":{"start":{"line":133,"column":17},"end":{"line":133,"column":82}},"47":{"start":{"line":134,"column":18},"end":{"line":134,"column":54}},"48":{"start":{"line":137,"column":4},"end":{"line":154,"column":7}},"49":{"start":{"line":138,"column":24},"end":{"line":138,"column":46}},"50":{"start":{"line":139,"column":6},"end":{"line":153,"column":8}},"51":{"start":{"line":157,"column":4},"end":{"line":157,"column":72}},"52":{"start":{"line":162,"column":0},"end":{"line":165,"column":2}}},"fnMap":{"0":{"name":"makeApiRequestWithRetry","decl":{"start":{"line":24,"column":15},"end":{"line":24,"column":38}},"loc":{"start":{"line":24,"column":72},"end":{"line":66,"column":1}},"line":24},"1":{"name":"fetchChampionDriver","decl":{"start":{"line":74,"column":15},"end":{"line":74,"column":34}},"loc":{"start":{"line":74,"column":54},"end":{"line":110,"column":1}},"line":74},"2":{"name":"fetchSeasonResults","decl":{"start":{"line":118,"column":15},"end":{"line":118,"column":33}},"loc":{"start":{"line":118,"column":53},"end":{"line":159,"column":1}},"line":118},"3":{"name":"(anonymous_3)","decl":{"start":{"line":137,"column":21},"end":{"line":137,"column":22}},"loc":{"start":{"line":137,"column":28},"end":{"line":154,"column":5}},"line":137}},"branchMap":{"0":{"loc":{"start":{"line":24,"column":44},"end":{"line":24,"column":55}},"type":"default-arg","locations":[{"start":{"line":24,"column":54},"end":{"line":24,"column":55}}],"line":24},"1":{"loc":{"start":{"line":33,"column":4},"end":{"line":52,"column":5}},"type":"if","locations":[{"start":{"line":33,"column":4},"end":{"line":52,"column":5}},{"start":{},"end":{}}],"line":33},"2":{"loc":{"start":{"line":33,"column":8},"end":{"line":33,"column":68}},"type":"binary-expr","locations":[{"start":{"line":33,"column":8},"end":{"line":33,"column":36}},{"start":{"line":33,"column":40},"end":{"line":33,"column":68}}],"line":33},"3":{"loc":{"start":{"line":40,"column":22},"end":{"line":40,"column":47}},"type":"cond-expr","locations":[{"start":{"line":40,"column":27},"end":{"line":40,"column":43}},{"start":{"line":40,"column":46},"end":{"line":40,"column":47}}],"line":40},"4":{"loc":{"start":{"line":55,"column":4},"end":{"line":61,"column":5}},"type":"if","locations":[{"start":{"line":55,"column":4},"end":{"line":61,"column":5}},{"start":{"line":57,"column":11},"end":{"line":61,"column":5}}],"line":55},"5":{"loc":{"start":{"line":57,"column":11},"end":{"line":61,"column":5}},"type":"if","locations":[{"start":{"line":57,"column":11},"end":{"line":61,"column":5}},{"start":{"line":59,"column":11},"end":{"line":61,"column":5}}],"line":57},"6":{"loc":{"start":{"line":57,"column":15},"end":{"line":57,"column":67}},"type":"binary-expr","locations":[{"start":{"line":57,"column":15},"end":{"line":57,"column":39}},{"start":{"line":57,"column":43},"end":{"line":57,"column":67}}],"line":57},"7":{"loc":{"start":{"line":59,"column":11},"end":{"line":61,"column":5}},"type":"if","locations":[{"start":{"line":59,"column":11},"end":{"line":61,"column":5}},{"start":{},"end":{}}],"line":59},"8":{"loc":{"start":{"line":74,"column":41},"end":{"line":74,"column":52}},"type":"default-arg","locations":[{"start":{"line":74,"column":51},"end":{"line":74,"column":52}}],"line":74},"9":{"loc":{"start":{"line":95,"column":4},"end":{"line":98,"column":5}},"type":"if","locations":[{"start":{"line":95,"column":4},"end":{"line":98,"column":5}},{"start":{},"end":{}}],"line":95},"10":{"loc":{"start":{"line":118,"column":40},"end":{"line":118,"column":51}},"type":"default-arg","locations":[{"start":{"line":118,"column":50},"end":{"line":118,"column":51}}],"line":118},"11":{"loc":{"start":{"line":134,"column":18},"end":{"line":134,"column":54}},"type":"binary-expr","locations":[{"start":{"line":134,"column":18},"end":{"line":134,"column":48}},{"start":{"line":134,"column":52},"end":{"line":134,"column":54}}],"line":134},"12":{"loc":{"start":{"line":144,"column":17},"end":{"line":144,"column":53}},"type":"binary-expr","locations":[{"start":{"line":144,"column":17},"end":{"line":144,"column":45}},{"start":{"line":144,"column":49},"end":{"line":144,"column":53}}],"line":144},"13":{"loc":{"start":{"line":146,"column":16},"end":{"line":152,"column":16}},"type":"cond-expr","locations":[{"start":{"line":147,"column":12},"end":{"line":151,"column":13}},{"start":{"line":152,"column":12},"end":{"line":152,"column":16}}],"line":146}},"s":{"0":2,"1":2,"2":2,"3":2,"4":11,"5":11,"6":11,"7":7,"8":7,"9":4,"10":1,"11":1,"12":1,"13":1,"14":1,"15":1,"16":1,"17":1,"18":1,"19":3,"20":1,"21":2,"22":1,"23":1,"24":0,"25":1,"26":6,"27":6,"28":6,"29":1,"30":5,"31":5,"32":5,"33":3,"34":3,"35":1,"36":1,"37":2,"38":2,"39":2,"40":6,"41":6,"42":6,"43":1,"44":5,"45":5,"46":5,"47":4,"48":4,"49":4,"50":4,"51":1,"52":2},"f":{"0":11,"1":6,"2":6,"3":4},"b":{"0":[0],"1":[1,3],"2":[4,1],"3":[1,0],"4":[1,2],"5":[1,1],"6":[2,1],"7":[0,1],"8":[6],"9":[1,2],"10":[6],"11":[4,0],"12":[4,3],"13":[3,1]},"_coverageSchema":"1a1c01bbd47fc00a2c39e90264f33305004495a9","hash":"a4bfea949e4e291f2d95fb79dc266e389f2f9e66"}
,"/Users/kihab/Development/f1-app/backend/utils/errorHandler.js": {"path":"/Users/kihab/Development/f1-app/backend/utils/errorHandler.js","statementMap":{"0":{"start":{"line":6,"column":78},"end":{"line":6,"column":104}},"1":{"start":{"line":7,"column":23},"end":{"line":7,"column":57}},"2":{"start":{"line":17,"column":2},"end":{"line":17,"column":53}},"3":{"start":{"line":20,"column":2},"end":{"line":25,"column":3}},"4":{"start":{"line":24,"column":4},"end":{"line":24,"column":49}},"5":{"start":{"line":27,"column":2},"end":{"line":32,"column":3}},"6":{"start":{"line":31,"column":4},"end":{"line":31,"column":76}},"7":{"start":{"line":34,"column":2},"end":{"line":38,"column":3}},"8":{"start":{"line":36,"column":4},"end":{"line":37,"column":70}},"9":{"start":{"line":40,"column":2},"end":{"line":48,"column":3}},"10":{"start":{"line":46,"column":4},"end":{"line":47,"column":70}},"11":{"start":{"line":51,"column":2},"end":{"line":51,"column":80}},"12":{"start":{"line":54,"column":0},"end":{"line":56,"column":2}}},"fnMap":{"0":{"name":"handleApiError","decl":{"start":{"line":15,"column":9},"end":{"line":15,"column":23}},"loc":{"start":{"line":15,"column":43},"end":{"line":52,"column":1}},"line":15}},"branchMap":{"0":{"loc":{"start":{"line":20,"column":2},"end":{"line":25,"column":3}},"type":"if","locations":[{"start":{"line":20,"column":2},"end":{"line":25,"column":3}},{"start":{},"end":{}}],"line":20},"1":{"loc":{"start":{"line":20,"column":6},"end":{"line":22,"column":83}},"type":"binary-expr","locations":[{"start":{"line":20,"column":6},"end":{"line":20,"column":17}},{"start":{"line":20,"column":22},"end":{"line":20,"column":82}},{"start":{"line":21,"column":22},"end":{"line":21,"column":84}},{"start":{"line":22,"column":22},"end":{"line":22,"column":82}}],"line":20},"2":{"loc":{"start":{"line":27,"column":2},"end":{"line":32,"column":3}},"type":"if","locations":[{"start":{"line":27,"column":2},"end":{"line":32,"column":3}},{"start":{},"end":{}}],"line":27},"3":{"loc":{"start":{"line":27,"column":6},"end":{"line":29,"column":34}},"type":"binary-expr","locations":[{"start":{"line":27,"column":6},"end":{"line":27,"column":33}},{"start":{"line":28,"column":6},"end":{"line":28,"column":37}},{"start":{"line":29,"column":6},"end":{"line":29,"column":34}}],"line":27},"4":{"loc":{"start":{"line":34,"column":2},"end":{"line":38,"column":3}},"type":"if","locations":[{"start":{"line":34,"column":2},"end":{"line":38,"column":3}},{"start":{},"end":{}}],"line":34},"5":{"loc":{"start":{"line":34,"column":6},"end":{"line":34,"column":41}},"type":"binary-expr","locations":[{"start":{"line":34,"column":6},"end":{"line":34,"column":18}},{"start":{"line":34,"column":22},"end":{"line":34,"column":41}}],"line":34},"6":{"loc":{"start":{"line":40,"column":2},"end":{"line":48,"column":3}},"type":"if","locations":[{"start":{"line":40,"column":2},"end":{"line":48,"column":3}},{"start":{},"end":{}}],"line":40},"7":{"loc":{"start":{"line":40,"column":6},"end":{"line":44,"column":41}},"type":"binary-expr","locations":[{"start":{"line":40,"column":6},"end":{"line":40,"column":17}},{"start":{"line":41,"column":4},"end":{"line":41,"column":42}},{"start":{"line":42,"column":4},"end":{"line":42,"column":45}},{"start":{"line":43,"column":4},"end":{"line":43,"column":43}},{"start":{"line":44,"column":4},"end":{"line":44,"column":40}}],"line":40}},"s":{"0":1,"1":1,"2":12,"3":12,"4":3,"5":9,"6":3,"7":6,"8":1,"9":5,"10":4,"11":1,"12":1},"f":{"0":12},"b":{"0":[3,9],"1":[12,12,11,10],"2":[3,6],"3":[9,8,7],"4":[1,5],"5":[6,1],"6":[4,1],"7":[5,5,4,3,2]},"_coverageSchema":"1a1c01bbd47fc00a2c39e90264f33305004495a9","hash":"5f09c83ae5a4a2a865d12260b80c2e0606d70e7e"}
,"/Users/kihab/Development/f1-app/backend/utils/redisClient.js": {"path":"/Users/kihab/Development/f1-app/backend/utils/redisClient.js","statementMap":{"0":{"start":{"line":6,"column":14},"end":{"line":6,"column":32}},"1":{"start":{"line":14,"column":2},"end":{"line":17,"column":3}},"2":{"start":{"line":16,"column":4},"end":{"line":16,"column":35}},"3":{"start":{"line":20,"column":20},"end":{"line":20,"column":57}},"4":{"start":{"line":21,"column":20},"end":{"line":21,"column":50}},"5":{"start":{"line":24,"column":17},"end":{"line":33,"column":4}},"6":{"start":{"line":29,"column":20},"end":{"line":29,"column":46}},"7":{"start":{"line":30,"column":6},"end":{"line":30,"column":90}},"8":{"start":{"line":31,"column":6},"end":{"line":31,"column":19}},"9":{"start":{"line":36,"column":2},"end":{"line":38,"column":5}},"10":{"start":{"line":37,"column":4},"end":{"line":37,"column":67}},"11":{"start":{"line":40,"column":2},"end":{"line":42,"column":5}},"12":{"start":{"line":41,"column":4},"end":{"line":41,"column":48}},"13":{"start":{"line":44,"column":2},"end":{"line":46,"column":5}},"14":{"start":{"line":45,"column":4},"end":{"line":45,"column":45}},"15":{"start":{"line":48,"column":2},"end":{"line":48,"column":16}},"16":{"start":{"line":57,"column":21},"end":{"line":76,"column":3}},"17":{"start":{"line":62,"column":24},"end":{"line":62,"column":52}},"18":{"start":{"line":64,"column":6},"end":{"line":64,"column":42}},"19":{"start":{"line":65,"column":6},"end":{"line":65,"column":18}},"20":{"start":{"line":68,"column":6},"end":{"line":68,"column":53}},"21":{"start":{"line":72,"column":21},"end":{"line":72,"column":33}},"22":{"start":{"line":75,"column":28},"end":{"line":75,"column":32}},"23":{"start":{"line":80,"column":2},"end":{"line":94,"column":3}},"24":{"start":{"line":82,"column":24},"end":{"line":82,"column":38}},"25":{"start":{"line":83,"column":24},"end":{"line":83,"column":38}},"26":{"start":{"line":84,"column":24},"end":{"line":84,"column":38}},"27":{"start":{"line":85,"column":23},"end":{"line":85,"column":36}},"28":{"start":{"line":86,"column":31},"end":{"line":86,"column":52}},"29":{"start":{"line":89,"column":4},"end":{"line":89,"column":79}},"30":{"start":{"line":89,"column":34},"end":{"line":89,"column":76}},"31":{"start":{"line":90,"column":4},"end":{"line":90,"column":79}},"32":{"start":{"line":90,"column":34},"end":{"line":90,"column":76}},"33":{"start":{"line":91,"column":4},"end":{"line":91,"column":79}},"34":{"start":{"line":91,"column":34},"end":{"line":91,"column":76}},"35":{"start":{"line":92,"column":4},"end":{"line":92,"column":77}},"36":{"start":{"line":92,"column":33},"end":{"line":92,"column":74}},"37":{"start":{"line":93,"column":4},"end":{"line":93,"column":93}},"38":{"start":{"line":93,"column":41},"end":{"line":93,"column":90}},"39":{"start":{"line":98,"column":2},"end":{"line":98,"column":43}},"40":{"start":{"line":100,"column":2},"end":{"line":100,"column":20}},"41":{"start":{"line":104,"column":20},"end":{"line":104,"column":39}},"42":{"start":{"line":106,"column":0},"end":{"line":109,"column":2}},"43":{"start":{"line":107,"column":19},"end":{"line":107,"column":30}}},"fnMap":{"0":{"name":"createRedisClient","decl":{"start":{"line":12,"column":9},"end":{"line":12,"column":26}},"loc":{"start":{"line":12,"column":29},"end":{"line":49,"column":1}},"line":12},"1":{"name":"(anonymous_1)","decl":{"start":{"line":28,"column":19},"end":{"line":28,"column":20}},"loc":{"start":{"line":28,"column":30},"end":{"line":32,"column":5}},"line":28},"2":{"name":"(anonymous_2)","decl":{"start":{"line":36,"column":23},"end":{"line":36,"column":24}},"loc":{"start":{"line":36,"column":29},"end":{"line":38,"column":3}},"line":36},"3":{"name":"(anonymous_3)","decl":{"start":{"line":40,"column":21},"end":{"line":40,"column":22}},"loc":{"start":{"line":40,"column":30},"end":{"line":42,"column":3}},"line":40},"4":{"name":"(anonymous_4)","decl":{"start":{"line":44,"column":28},"end":{"line":44,"column":29}},"loc":{"start":{"line":44,"column":34},"end":{"line":46,"column":3}},"line":44},"5":{"name":"createMockRedisClient","decl":{"start":{"line":55,"column":9},"end":{"line":55,"column":30}},"loc":{"start":{"line":55,"column":33},"end":{"line":101,"column":1}},"line":55},"6":{"name":"(anonymous_6)","decl":{"start":{"line":62,"column":9},"end":{"line":62,"column":10}},"loc":{"start":{"line":62,"column":24},"end":{"line":62,"column":52}},"line":62},"7":{"name":"(anonymous_7)","decl":{"start":{"line":63,"column":9},"end":{"line":63,"column":10}},"loc":{"start":{"line":63,"column":31},"end":{"line":66,"column":5}},"line":63},"8":{"name":"(anonymous_8)","decl":{"start":{"line":67,"column":9},"end":{"line":67,"column":10}},"loc":{"start":{"line":67,"column":24},"end":{"line":69,"column":5}},"line":67},"9":{"name":"(anonymous_9)","decl":{"start":{"line":72,"column":8},"end":{"line":72,"column":9}},"loc":{"start":{"line":72,"column":19},"end":{"line":72,"column":35}},"line":72},"10":{"name":"(anonymous_10)","decl":{"start":{"line":75,"column":16},"end":{"line":75,"column":17}},"loc":{"start":{"line":75,"column":28},"end":{"line":75,"column":32}},"line":75},"11":{"name":"(anonymous_11)","decl":{"start":{"line":89,"column":21},"end":{"line":89,"column":22}},"loc":{"start":{"line":89,"column":32},"end":{"line":89,"column":78}},"line":89},"12":{"name":"(anonymous_12)","decl":{"start":{"line":90,"column":21},"end":{"line":90,"column":22}},"loc":{"start":{"line":90,"column":32},"end":{"line":90,"column":78}},"line":90},"13":{"name":"(anonymous_13)","decl":{"start":{"line":91,"column":21},"end":{"line":91,"column":22}},"loc":{"start":{"line":91,"column":32},"end":{"line":91,"column":78}},"line":91},"14":{"name":"(anonymous_14)","decl":{"start":{"line":92,"column":20},"end":{"line":92,"column":21}},"loc":{"start":{"line":92,"column":31},"end":{"line":92,"column":76}},"line":92},"15":{"name":"(anonymous_15)","decl":{"start":{"line":93,"column":28},"end":{"line":93,"column":29}},"loc":{"start":{"line":93,"column":39},"end":{"line":93,"column":92}},"line":93},"16":{"name":"(anonymous_16)","decl":{"start":{"line":107,"column":13},"end":{"line":107,"column":14}},"loc":{"start":{"line":107,"column":19},"end":{"line":107,"column":30}},"line":107}},"branchMap":{"0":{"loc":{"start":{"line":14,"column":2},"end":{"line":17,"column":3}},"type":"if","locations":[{"start":{"line":14,"column":2},"end":{"line":17,"column":3}},{"start":{},"end":{}}],"line":14},"1":{"loc":{"start":{"line":20,"column":20},"end":{"line":20,"column":57}},"type":"binary-expr","locations":[{"start":{"line":20,"column":20},"end":{"line":20,"column":42}},{"start":{"line":20,"column":46},"end":{"line":20,"column":57}}],"line":20},"2":{"loc":{"start":{"line":21,"column":20},"end":{"line":21,"column":50}},"type":"binary-expr","locations":[{"start":{"line":21,"column":20},"end":{"line":21,"column":42}},{"start":{"line":21,"column":46},"end":{"line":21,"column":50}}],"line":21},"3":{"loc":{"start":{"line":68,"column":13},"end":{"line":68,"column":52}},"type":"cond-expr","locations":[{"start":{"line":68,"column":47},"end":{"line":68,"column":48}},{"start":{"line":68,"column":51},"end":{"line":68,"column":52}}],"line":68},"4":{"loc":{"start":{"line":80,"column":2},"end":{"line":94,"column":3}},"type":"if","locations":[{"start":{"line":80,"column":2},"end":{"line":94,"column":3}},{"start":{},"end":{}}],"line":80}},"s":{"0":3,"1":7,"2":7,"3":0,"4":0,"5":0,"6":0,"7":0,"8":0,"9":0,"10":0,"11":0,"12":0,"13":0,"14":0,"15":0,"16":7,"17":3,"18":3,"19":3,"20":1,"21":0,"22":0,"23":7,"24":7,"25":7,"26":7,"27":7,"28":7,"29":7,"30":3,"31":7,"32":3,"33":7,"34":1,"35":7,"36":0,"37":7,"38":0,"39":7,"40":7,"41":3,"42":3,"43":4},"f":{"0":7,"1":0,"2":0,"3":0,"4":0,"5":7,"6":3,"7":3,"8":1,"9":0,"10":0,"11":3,"12":3,"13":1,"14":0,"15":0,"16":4},"b":{"0":[7,0],"1":[0,0],"2":[0,0],"3":[1,0],"4":[7,0]},"_coverageSchema":"1a1c01bbd47fc00a2c39e90264f33305004495a9","hash":"aa66014b47781c0fac00180c67a2ca9c65ef7cb5"}
,"/Users/kihab/Development/f1-app/backend/utils/responseUtils.js": {"path":"/Users/kihab/Development/f1-app/backend/utils/responseUtils.js","statementMap":{"0":{"start":{"line":4,"column":24},"end":{"line":4,"column":54}},"1":{"start":{"line":13,"column":26},"end":{"line":22,"column":1}},"2":{"start":{"line":14,"column":19},"end":{"line":14,"column":37}},"3":{"start":{"line":17,"column":2},"end":{"line":19,"column":3}},"4":{"start":{"line":18,"column":4},"end":{"line":18,"column":31}},"5":{"start":{"line":21,"column":2},"end":{"line":21,"column":47}},"6":{"start":{"line":29,"column":28},"end":{"line":31,"column":1}},"7":{"start":{"line":30,"column":2},"end":{"line":30,"column":66}},"8":{"start":{"line":38,"column":24},"end":{"line":40,"column":1}},"9":{"start":{"line":39,"column":2},"end":{"line":39,"column":76}},"10":{"start":{"line":47,"column":36},"end":{"line":49,"column":1}},"11":{"start":{"line":48,"column":2},"end":{"line":48,"column":74}},"12":{"start":{"line":57,"column":28},"end":{"line":66,"column":1}},"13":{"start":{"line":58,"column":19},"end":{"line":58,"column":27}},"14":{"start":{"line":61,"column":2},"end":{"line":63,"column":3}},"15":{"start":{"line":62,"column":4},"end":{"line":62,"column":31}},"16":{"start":{"line":65,"column":2},"end":{"line":65,"column":51}},"17":{"start":{"line":68,"column":0},"end":{"line":74,"column":2}}},"fnMap":{"0":{"name":"(anonymous_0)","decl":{"start":{"line":13,"column":26},"end":{"line":13,"column":27}},"loc":{"start":{"line":13,"column":72},"end":{"line":22,"column":1}},"line":13},"1":{"name":"(anonymous_1)","decl":{"start":{"line":29,"column":28},"end":{"line":29,"column":29}},"loc":{"start":{"line":29,"column":46},"end":{"line":31,"column":1}},"line":29},"2":{"name":"(anonymous_2)","decl":{"start":{"line":38,"column":24},"end":{"line":38,"column":25}},"loc":{"start":{"line":38,"column":68},"end":{"line":40,"column":1}},"line":38},"3":{"name":"(anonymous_3)","decl":{"start":{"line":47,"column":36},"end":{"line":47,"column":37}},"loc":{"start":{"line":47,"column":54},"end":{"line":49,"column":1}},"line":47},"4":{"name":"(anonymous_4)","decl":{"start":{"line":57,"column":28},"end":{"line":57,"column":29}},"loc":{"start":{"line":57,"column":59},"end":{"line":66,"column":1}},"line":57}},"branchMap":{"0":{"loc":{"start":{"line":13,"column":53},"end":{"line":13,"column":67}},"type":"default-arg","locations":[{"start":{"line":13,"column":63},"end":{"line":13,"column":67}}],"line":13},"1":{"loc":{"start":{"line":17,"column":2},"end":{"line":19,"column":3}},"type":"if","locations":[{"start":{"line":17,"column":2},"end":{"line":19,"column":3}},{"start":{},"end":{}}],"line":17},"2":{"loc":{"start":{"line":38,"column":30},"end":{"line":38,"column":63}},"type":"default-arg","locations":[{"start":{"line":38,"column":40},"end":{"line":38,"column":63}}],"line":38},"3":{"loc":{"start":{"line":57,"column":40},"end":{"line":57,"column":54}},"type":"default-arg","locations":[{"start":{"line":57,"column":50},"end":{"line":57,"column":54}}],"line":57},"4":{"loc":{"start":{"line":61,"column":2},"end":{"line":63,"column":3}},"type":"if","locations":[{"start":{"line":61,"column":2},"end":{"line":63,"column":3}},{"start":{},"end":{}}],"line":61}},"s":{"0":1,"1":1,"2":6,"3":6,"4":1,"5":6,"6":1,"7":1,"8":1,"9":2,"10":1,"11":1,"12":1,"13":2,"14":2,"15":1,"16":2,"17":1},"f":{"0":6,"1":1,"2":2,"3":1,"4":2},"b":{"0":[5],"1":[1,5],"2":[1],"3":[1],"4":[1,1]},"_coverageSchema":"1a1c01bbd47fc00a2c39e90264f33305004495a9","hash":"3e0c82f3cc9ffe6a49879433a6320e6009d3dc46"}
,"/Users/kihab/Development/f1-app/backend/utils/validationUtils.js": {"path":"/Users/kihab/Development/f1-app/backend/utils/validationUtils.js","statementMap":{"0":{"start":{"line":4,"column":23},"end":{"line":4,"column":57}},"1":{"start":{"line":7,"column":20},"end":{"line":7,"column":44}},"2":{"start":{"line":16,"column":2},"end":{"line":18,"column":3}},"3":{"start":{"line":17,"column":4},"end":{"line":17,"column":122}},"4":{"start":{"line":31,"column":2},"end":{"line":33,"column":3}},"5":{"start":{"line":32,"column":4},"end":{"line":32,"column":90}},"6":{"start":{"line":34,"column":2},"end":{"line":36,"column":3}},"7":{"start":{"line":35,"column":4},"end":{"line":35,"column":100}},"8":{"start":{"line":39,"column":2},"end":{"line":41,"column":3}},"9":{"start":{"line":40,"column":4},"end":{"line":40,"column":85}},"10":{"start":{"line":42,"column":2},"end":{"line":44,"column":3}},"11":{"start":{"line":43,"column":4},"end":{"line":43,"column":96}},"12":{"start":{"line":47,"column":2},"end":{"line":54,"column":3}},"13":{"start":{"line":48,"column":4},"end":{"line":50,"column":5}},"14":{"start":{"line":49,"column":6},"end":{"line":49,"column":99}},"15":{"start":{"line":51,"column":4},"end":{"line":53,"column":5}},"16":{"start":{"line":52,"column":6},"end":{"line":52,"column":104}},"17":{"start":{"line":66,"column":2},"end":{"line":68,"column":3}},"18":{"start":{"line":67,"column":4},"end":{"line":67,"column":83}},"19":{"start":{"line":69,"column":2},"end":{"line":71,"column":3}},"20":{"start":{"line":70,"column":4},"end":{"line":70,"column":94}},"21":{"start":{"line":74,"column":2},"end":{"line":76,"column":3}},"22":{"start":{"line":75,"column":4},"end":{"line":75,"column":99}},"23":{"start":{"line":79,"column":0},"end":{"line":83,"column":2}}},"fnMap":{"0":{"name":"validateYear","decl":{"start":{"line":14,"column":9},"end":{"line":14,"column":21}},"loc":{"start":{"line":14,"column":28},"end":{"line":19,"column":1}},"line":14},"1":{"name":"validateDriverData","decl":{"start":{"line":29,"column":9},"end":{"line":29,"column":27}},"loc":{"start":{"line":29,"column":36},"end":{"line":55,"column":1}},"line":29},"2":{"name":"validateRaceData","decl":{"start":{"line":64,"column":9},"end":{"line":64,"column":25}},"loc":{"start":{"line":64,"column":32},"end":{"line":77,"column":1}},"line":64}},"branchMap":{"0":{"loc":{"start":{"line":16,"column":2},"end":{"line":18,"column":3}},"type":"if","locations":[{"start":{"line":16,"column":2},"end":{"line":18,"column":3}},{"start":{},"end":{}}],"line":16},"1":{"loc":{"start":{"line":16,"column":6},"end":{"line":16,"column":70}},"type":"binary-expr","locations":[{"start":{"line":16,"column":6},"end":{"line":16,"column":29}},{"start":{"line":16,"column":33},"end":{"line":16,"column":44}},{"start":{"line":16,"column":48},"end":{"line":16,"column":70}}],"line":16},"2":{"loc":{"start":{"line":31,"column":2},"end":{"line":33,"column":3}},"type":"if","locations":[{"start":{"line":31,"column":2},"end":{"line":33,"column":3}},{"start":{},"end":{}}],"line":31},"3":{"loc":{"start":{"line":31,"column":6},"end":{"line":31,"column":63}},"type":"binary-expr","locations":[{"start":{"line":31,"column":6},"end":{"line":31,"column":23}},{"start":{"line":31,"column":27},"end":{"line":31,"column":63}}],"line":31},"4":{"loc":{"start":{"line":34,"column":2},"end":{"line":36,"column":3}},"type":"if","locations":[{"start":{"line":34,"column":2},"end":{"line":36,"column":3}},{"start":{},"end":{}}],"line":34},"5":{"loc":{"start":{"line":39,"column":2},"end":{"line":41,"column":3}},"type":"if","locations":[{"start":{"line":39,"column":2},"end":{"line":41,"column":3}},{"start":{},"end":{}}],"line":39},"6":{"loc":{"start":{"line":39,"column":6},"end":{"line":39,"column":53}},"type":"binary-expr","locations":[{"start":{"line":39,"column":6},"end":{"line":39,"column":18}},{"start":{"line":39,"column":22},"end":{"line":39,"column":53}}],"line":39},"7":{"loc":{"start":{"line":42,"column":2},"end":{"line":44,"column":3}},"type":"if","locations":[{"start":{"line":42,"column":2},"end":{"line":44,"column":3}},{"start":{},"end":{}}],"line":42},"8":{"loc":{"start":{"line":47,"column":2},"end":{"line":54,"column":3}},"type":"if","locations":[{"start":{"line":47,"column":2},"end":{"line":54,"column":3}},{"start":{},"end":{}}],"line":47},"9":{"loc":{"start":{"line":47,"column":6},"end":{"line":47,"column":69}},"type":"binary-expr","locations":[{"start":{"line":47,"column":6},"end":{"line":47,"column":38}},{"start":{"line":47,"column":42},"end":{"line":47,"column":69}}],"line":47},"10":{"loc":{"start":{"line":48,"column":4},"end":{"line":50,"column":5}},"type":"if","locations":[{"start":{"line":48,"column":4},"end":{"line":50,"column":5}},{"start":{},"end":{}}],"line":48},"11":{"loc":{"start":{"line":51,"column":4},"end":{"line":53,"column":5}},"type":"if","locations":[{"start":{"line":51,"column":4},"end":{"line":53,"column":5}},{"start":{},"end":{}}],"line":51},"12":{"loc":{"start":{"line":66,"column":2},"end":{"line":68,"column":3}},"type":"if","locations":[{"start":{"line":66,"column":2},"end":{"line":68,"column":3}},{"start":{},"end":{}}],"line":66},"13":{"loc":{"start":{"line":66,"column":6},"end":{"line":66,"column":49}},"type":"binary-expr","locations":[{"start":{"line":66,"column":6},"end":{"line":66,"column":16}},{"start":{"line":66,"column":20},"end":{"line":66,"column":49}}],"line":66},"14":{"loc":{"start":{"line":69,"column":2},"end":{"line":71,"column":3}},"type":"if","locations":[{"start":{"line":69,"column":2},"end":{"line":71,"column":3}},{"start":{},"end":{}}],"line":69},"15":{"loc":{"start":{"line":74,"column":2},"end":{"line":76,"column":3}},"type":"if","locations":[{"start":{"line":74,"column":2},"end":{"line":76,"column":3}},{"start":{},"end":{}}],"line":74},"16":{"loc":{"start":{"line":74,"column":6},"end":{"line":74,"column":53}},"type":"binary-expr","locations":[{"start":{"line":74,"column":6},"end":{"line":74,"column":35}},{"start":{"line":74,"column":39},"end":{"line":74,"column":53}}],"line":74}},"s":{"0":2,"1":2,"2":11,"3":7,"4":6,"5":1,"6":4,"7":1,"8":3,"9":1,"10":2,"11":1,"12":1,"13":0,"14":0,"15":0,"16":0,"17":6,"18":1,"19":4,"20":1,"21":3,"22":2,"23":2},"f":{"0":11,"1":6,"2":6},"b":{"0":[7,4],"1":[11,7,5],"2":[1,4],"3":[6,4],"4":[1,3],"5":[1,2],"6":[3,2],"7":[1,1],"8":[0,1],"9":[1,0],"10":[0,0],"11":[0,0],"12":[1,4],"13":[6,4],"14":[1,3],"15":[2,1],"16":[3,2]},"_coverageSchema":"1a1c01bbd47fc00a2c39e90264f33305004495a9","hash":"0132c9f6005cde4882ef7982d1f4359d3e40df7c"}
}
