TN:
SF:config/constants.js
FNF:0
FNH:0
DA:5,1
DA:8,1
DA:9,1
DA:12,1
DA:21,1
DA:22,1
DA:25,1
DA:27,1
LF:8
LH:8
BRF:0
BRH:0
end_of_record
TN:
SF:utils/commonUtils.js
FN:9,(anonymous_0)
FN:9,(anonymous_1)
FN:18,(anonymous_2)
FN:21,(anonymous_3)
FN:30,(anonymous_4)
FN:33,(anonymous_5)
FNF:6
FNH:4
FNDA:0,(anonymous_0)
FNDA:0,(anonymous_1)
FNDA:2,(anonymous_2)
FNDA:2,(anonymous_3)
FNDA:2,(anonymous_4)
FNDA:2,(anonymous_5)
DA:9,1
DA:18,1
DA:19,2
DA:20,2
DA:21,2
DA:30,1
DA:31,2
DA:32,2
DA:33,2
DA:35,2
DA:38,1
LF:11
LH:11
BRDA:18,0,0,0
BRDA:30,1,0,0
BRDA:35,2,0,2
BRDA:35,2,1,0
BRF:4
BRH:1
end_of_record
TN:
SF:utils/ergastClient.js
FN:24,makeApiRequestWithRetry
FN:74,fetchChampionDriver
FN:117,fetchSeasonResults
FN:136,(anonymous_3)
FNF:4
FNH:2
FNDA:2,makeApiRequestWithRetry
FNDA:2,fetchChampionDriver
FNDA:0,fetchSeasonResults
FNDA:0,(anonymous_3)
DA:12,1
DA:13,1
DA:14,1
DA:15,1
DA:25,2
DA:27,2
DA:28,2
DA:29,2
DA:30,2
DA:33,0
DA:34,0
DA:35,0
DA:36,0
DA:39,0
DA:40,0
DA:43,0
DA:45,0
DA:50,0
DA:51,0
DA:55,0
DA:56,0
DA:57,0
DA:58,0
DA:59,0
DA:60,0
DA:64,0
DA:76,2
DA:79,2
DA:80,2
DA:82,0
DA:85,2
DA:87,2
DA:89,2
DA:92,2
DA:95,2
DA:96,1
DA:97,1
DA:100,1
DA:101,1
DA:107,0
DA:119,0
DA:122,0
DA:123,0
DA:125,0
DA:128,0
DA:130,0
DA:132,0
DA:133,0
DA:136,0
DA:137,0
DA:138,0
DA:153,0
DA:158,1
LF:53
LH:22
BRDA:24,0,0,0
BRDA:33,1,0,0
BRDA:33,1,1,0
BRDA:33,2,0,0
BRDA:33,2,1,0
BRDA:40,3,0,0
BRDA:40,3,1,0
BRDA:55,4,0,0
BRDA:55,4,1,0
BRDA:57,5,0,0
BRDA:57,5,1,0
BRDA:57,6,0,0
BRDA:57,6,1,0
BRDA:59,7,0,0
BRDA:59,7,1,0
BRDA:74,8,0,2
BRDA:95,9,0,1
BRDA:95,9,1,1
BRDA:117,10,0,0
BRDA:133,11,0,0
BRDA:133,11,1,0
BRDA:143,12,0,0
BRDA:143,12,1,0
BRF:23
BRH:3
end_of_record
TN:
SF:utils/validationUtils.js
FN:12,validateYear
FN:26,validateDriverData
FN:51,validateRaceData
FNF:3
FNH:1
FNDA:2,validateYear
FNDA:0,validateDriverData
FNDA:0,validateRaceData
DA:5,1
DA:14,2
DA:15,0
DA:28,0
DA:29,0
DA:31,0
DA:32,0
DA:36,0
DA:37,0
DA:39,0
DA:40,0
DA:53,0
DA:54,0
DA:56,0
DA:57,0
DA:61,0
DA:62,0
DA:66,1
LF:18
LH:3
BRDA:14,0,0,0
BRDA:14,0,1,2
BRDA:14,1,0,2
BRDA:14,1,1,2
BRDA:14,1,2,2
BRDA:28,2,0,0
BRDA:28,2,1,0
BRDA:28,3,0,0
BRDA:28,3,1,0
BRDA:31,4,0,0
BRDA:31,4,1,0
BRDA:36,5,0,0
BRDA:36,5,1,0
BRDA:36,6,0,0
BRDA:36,6,1,0
BRDA:39,7,0,0
BRDA:39,7,1,0
BRDA:53,8,0,0
BRDA:53,8,1,0
BRDA:53,9,0,0
BRDA:53,9,1,0
BRDA:56,10,0,0
BRDA:56,10,1,0
BRDA:61,11,0,0
BRDA:61,11,1,0
BRDA:61,12,0,0
BRDA:61,12,1,0
BRF:27
BRH:4
end_of_record
