TN:
SF:utils/ergastClient.js
FN:18,(anonymous_0)
FN:18,(anonymous_1)
FN:26,fetchChampionDriver
FN:80,fetchSeasonResults
FN:87,(anonymous_4)
FNF:5
FNH:1
FNDA:0,(anonymous_0)
FNDA:0,(anonymous_1)
FNDA:2,fetchChampionDriver
FNDA:0,fetchSeasonResults
FNDA:0,(anonymous_4)
DA:12,1
DA:15,1
DA:18,1
DA:27,2
DA:29,2
DA:30,2
DA:34,2
DA:38,2
DA:39,1
DA:40,1
DA:43,1
DA:44,1
DA:50,0
DA:51,0
DA:52,0
DA:53,0
DA:55,0
DA:56,0
DA:58,0
DA:60,0
DA:65,0
DA:68,0
DA:70,0
DA:81,0
DA:82,0
DA:83,0
DA:84,0
DA:87,0
DA:88,0
DA:89,0
DA:104,0
DA:105,0
DA:106,0
DA:107,0
DA:108,0
DA:110,0
DA:112,0
DA:115,0
DA:117,0
DA:120,0
DA:125,1
LF:41
LH:13
BRDA:26,0,0,2
BRDA:38,1,0,1
BRDA:38,1,1,1
BRDA:50,2,0,0
BRDA:50,2,1,0
BRDA:50,3,0,0
BRDA:50,3,1,0
BRDA:56,4,0,0
BRDA:56,4,1,0
BRDA:80,5,0,0
BRDA:84,6,0,0
BRDA:84,6,1,0
BRDA:94,7,0,0
BRDA:94,7,1,0
BRDA:104,8,0,0
BRDA:104,8,1,0
BRDA:104,9,0,0
BRDA:104,9,1,0
BRDA:108,10,0,0
BRDA:108,10,1,0
BRF:20
BRH:3
end_of_record
